  BattleArea.cpp
  BoomerangComponent.cpp
  BoomerangPhysxController.cpp
  ActionCameraComponent.cpp
  Game.cpp
  LobbySystem.cpp
  BallManager.cpp
  GameManager.cpp
  TimeManager.cpp
  MovingObject.cpp
  Player.cpp
  PlayerAnimationController.cpp
  PlayerStateBase.cpp
  Portal.cpp
  DashThroughWallsPowerup.cpp
  DoubleBallPowerup.cpp
  ExplosionPowerup.cpp
  JuggernautPowerup.cpp
  Powerup.cpp
  PowerupAreaComponent.cpp
  PowerupPickupComponent.cpp
  ShieldPowerup.cpp
  SpeedPowerup.cpp
  SplitBoomerangPowerup.cpp
  TelekinesisPowerup.cpp
  TeleportPowerup.cpp
  WaterComponent.cpp
  main.cpp
  KITTY ENGINE IS HERE TO STAY AND SLAY
  Project.vcxproj -> C:\Users\olle.karlsonreuterc\Olle\Spelprojekt\P8\KittyEngine\Bin\Project_Release - Hybrid.exe
