c:\users\olle.karlsonreuterc\olle\spelprojekt\p8\kittyengine\temp\project\release - hybrid\player.obj
c:\users\olle.karlsonreuterc\olle\spelprojekt\p8\kittyengine\temp\project\release - hybrid\boomerangcomponent.obj
c:\users\olle.karlsonreuterc\olle\spelprojekt\p8\kittyengine\temp\project\release - hybrid\playeranimationcontroller.obj
c:\users\olle.karlsonreuterc\olle\spelprojekt\p8\kittyengine\temp\project\release - hybrid\camerasettingsfile.obj
c:\users\olle.karlsonreuterc\olle\spelprojekt\p8\kittyengine\temp\project\release - hybrid\main.obj
c:\users\olle.karlsonreuterc\olle\spelprojekt\p8\kittyengine\temp\project\release - hybrid\actioncameracomponent.obj
c:\users\olle.karlsonreuterc\olle\spelprojekt\p8\kittyengine\temp\project\release - hybrid\gamerules.obj
c:\users\olle.karlsonreuterc\olle\spelprojekt\p8\kittyengine\temp\project\release - hybrid\boomerangphysxcontroller.obj
c:\users\olle.karlsonreuterc\olle\spelprojekt\p8\kittyengine\temp\project\release - hybrid\game.obj
c:\users\olle.karlsonreuterc\olle\spelprojekt\p8\kittyengine\temp\project\release - hybrid\combathandler.obj
c:\users\olle.karlsonreuterc\olle\spelprojekt\p8\kittyengine\temp\project\release - hybrid\timemanager.obj
c:\users\olle.karlsonreuterc\olle\spelprojekt\p8\kittyengine\temp\project\release - hybrid\portal.obj
c:\users\olle.karlsonreuterc\olle\spelprojekt\p8\kittyengine\temp\project\release - hybrid\lobbysystem.obj
c:\users\olle.karlsonreuterc\olle\spelprojekt\p8\kittyengine\temp\project\release - hybrid\ballmanager.obj
c:\users\olle.karlsonreuterc\olle\spelprojekt\p8\kittyengine\temp\project\release - hybrid\movingobject.obj
c:\users\olle.karlsonreuterc\olle\spelprojekt\p8\kittyengine\temp\project\release - hybrid\movingobjecttrigger.obj
c:\users\olle.karlsonreuterc\olle\spelprojekt\p8\kittyengine\temp\project\release - hybrid\spawnpointcomponent.obj
c:\users\olle.karlsonreuterc\olle\spelprojekt\p8\kittyengine\temp\project\release - hybrid\playerstatebase.obj
c:\users\olle.karlsonreuterc\olle\spelprojekt\p8\kittyengine\temp\project\release - hybrid\powerup.obj
c:\users\olle.karlsonreuterc\olle\spelprojekt\p8\kittyengine\temp\project\release - hybrid\gamemanager.obj
c:\users\olle.karlsonreuterc\olle\spelprojekt\p8\kittyengine\temp\project\release - hybrid\doubleballpowerup.obj
c:\users\olle.karlsonreuterc\olle\spelprojekt\p8\kittyengine\temp\project\release - hybrid\speedpowerup.obj
c:\users\olle.karlsonreuterc\olle\spelprojekt\p8\kittyengine\temp\project\release - hybrid\telekinesispowerup.obj
c:\users\olle.karlsonreuterc\olle\spelprojekt\p8\kittyengine\temp\project\release - hybrid\juggernautpowerup.obj
c:\users\olle.karlsonreuterc\olle\spelprojekt\p8\kittyengine\temp\project\release - hybrid\teleportpowerup.obj
c:\users\olle.karlsonreuterc\olle\spelprojekt\p8\kittyengine\temp\project\release - hybrid\explosionpowerup.obj
c:\users\olle.karlsonreuterc\olle\spelprojekt\p8\kittyengine\temp\project\release - hybrid\dashthroughwallspowerup.obj
c:\users\olle.karlsonreuterc\olle\spelprojekt\p8\kittyengine\temp\project\release - hybrid\shieldpowerup.obj
c:\users\olle.karlsonreuterc\olle\spelprojekt\p8\kittyengine\temp\project\release - hybrid\splitboomerangpowerup.obj
c:\users\olle.karlsonreuterc\olle\spelprojekt\p8\kittyengine\temp\project\release - hybrid\project_release - hybrid.pch
c:\users\olle.karlsonreuterc\olle\spelprojekt\p8\kittyengine\temp\project\release - hybrid\vc143.pdb
c:\users\olle.karlsonreuterc\olle\spelprojekt\p8\kittyengine\temp\project\release - hybrid\stdafx.obj
c:\users\olle.karlsonreuterc\olle\spelprojekt\p8\kittyengine\temp\project\release - hybrid\powerupareacomponent.obj
c:\users\olle.karlsonreuterc\olle\spelprojekt\p8\kittyengine\temp\project\release - hybrid\poweruppickupcomponent.obj
c:\users\olle.karlsonreuterc\olle\spelprojekt\p8\kittyengine\bin\project_release - hybrid.exe
c:\users\olle.karlsonreuterc\olle\spelprojekt\p8\kittyengine\bin\project_release - hybrid.pdb
c:\users\olle.karlsonreuterc\olle\spelprojekt\p8\kittyengine\temp\project\release - hybrid\resources.res
c:\users\olle.karlsonreuterc\olle\spelprojekt\p8\kittyengine\temp\project\release - hybrid\project.tlog\cl.command.1.tlog
c:\users\olle.karlsonreuterc\olle\spelprojekt\p8\kittyengine\temp\project\release - hybrid\project.tlog\cl.items.tlog
c:\users\olle.karlsonreuterc\olle\spelprojekt\p8\kittyengine\temp\project\release - hybrid\project.tlog\cl.read.1.tlog
c:\users\olle.karlsonreuterc\olle\spelprojekt\p8\kittyengine\temp\project\release - hybrid\project.tlog\cl.write.1.tlog
c:\users\olle.karlsonreuterc\olle\spelprojekt\p8\kittyengine\temp\project\release - hybrid\project.tlog\link.command.1.tlog
c:\users\olle.karlsonreuterc\olle\spelprojekt\p8\kittyengine\temp\project\release - hybrid\project.tlog\link.read.1.tlog
c:\users\olle.karlsonreuterc\olle\spelprojekt\p8\kittyengine\temp\project\release - hybrid\project.tlog\link.secondary.1.tlog
c:\users\olle.karlsonreuterc\olle\spelprojekt\p8\kittyengine\temp\project\release - hybrid\project.tlog\link.write.1.tlog
c:\users\olle.karlsonreuterc\olle\spelprojekt\p8\kittyengine\temp\project\release - hybrid\project.tlog\rc.command.1.tlog
c:\users\olle.karlsonreuterc\olle\spelprojekt\p8\kittyengine\temp\project\release - hybrid\project.tlog\rc.read.1.tlog
c:\users\olle.karlsonreuterc\olle\spelprojekt\p8\kittyengine\temp\project\release - hybrid\project.tlog\rc.write.1.tlog
