c:\users\olle.karlsonreuterc\olle\spelprojekt\p8\kittyengine\temp\editor\ship - purebreed\imguihandler.obj
c:\users\olle.karlsonreuterc\olle\spelprojekt\p8\kittyengine\temp\editor\ship - purebreed\viewport.obj
c:\users\olle.karlsonreuterc\olle\spelprojekt\p8\kittyengine\temp\editor\ship - purebreed\kittyeditor_ship - purebreed.pch
c:\users\olle.karlsonreuterc\olle\spelprojekt\p8\kittyengine\temp\intermediatelib\kittyeditor_ship - purebreed.pdb
c:\users\olle.karlsonreuterc\olle\spelprojekt\p8\kittyengine\temp\editor\ship - purebreed\stdafx.obj
c:\users\olle.karlsonreuterc\olle\spelprojekt\p8\kittyengine\temp\editor\ship - purebreed\guieditor.obj
c:\users\olle.karlsonreuterc\olle\spelprojekt\p8\kittyengine\temp\editor\ship - purebreed\selectedobject.obj
c:\users\olle.karlsonreuterc\olle\spelprojekt\p8\kittyengine\temp\editor\ship - purebreed\editorinspection.obj
c:\users\olle.karlsonreuterc\olle\spelprojekt\p8\kittyengine\temp\editor\ship - purebreed\nodeeditoraction.obj
c:\users\olle.karlsonreuterc\olle\spelprojekt\p8\kittyengine\temp\editor\ship - purebreed\gameobjectlist.obj
c:\users\olle.karlsonreuterc\olle\spelprojekt\p8\kittyengine\temp\editor\ship - purebreed\modelviewer.obj
c:\users\olle.karlsonreuterc\olle\spelprojekt\p8\kittyengine\temp\editor\ship - purebreed\componentinspector.obj
c:\users\olle.karlsonreuterc\olle\spelprojekt\p8\kittyengine\temp\editor\ship - purebreed\datamaterialmaker.obj
c:\users\olle.karlsonreuterc\olle\spelprojekt\p8\kittyengine\temp\editor\ship - purebreed\meowfile.obj
c:\users\olle.karlsonreuterc\olle\spelprojekt\p8\kittyengine\temp\editor\ship - purebreed\console.obj
c:\users\olle.karlsonreuterc\olle\spelprojekt\p8\kittyengine\temp\editor\ship - purebreed\nodeeditor.obj
c:\users\olle.karlsonreuterc\olle\spelprojekt\p8\kittyengine\temp\editor\ship - purebreed\lambdawindow.obj
c:\users\olle.karlsonreuterc\olle\spelprojekt\p8\kittyengine\temp\editor\ship - purebreed\editorgraphics.obj
c:\users\olle.karlsonreuterc\olle\spelprojekt\p8\kittyengine\temp\editor\ship - purebreed\editorfile.obj
c:\users\olle.karlsonreuterc\olle\spelprojekt\p8\kittyengine\temp\editor\ship - purebreed\deferredview.obj
c:\users\olle.karlsonreuterc\olle\spelprojekt\p8\kittyengine\temp\editor\ship - purebreed\gameruleeditor.obj
c:\users\olle.karlsonreuterc\olle\spelprojekt\p8\kittyengine\temp\editor\ship - purebreed\assetbrowser.obj
c:\users\olle.karlsonreuterc\olle\spelprojekt\p8\kittyengine\temp\editor\ship - purebreed\editsounds.obj
c:\users\olle.karlsonreuterc\olle\spelprojekt\p8\kittyengine\temp\editor\ship - purebreed\window.obj
c:\users\olle.karlsonreuterc\olle\spelprojekt\p8\kittyengine\temp\editor\ship - purebreed\editor.obj
c:\users\olle.karlsonreuterc\olle\spelprojekt\p8\kittyengine\temp\intermediatelib\kittyeditor_ship - purebreed.lib
c:\users\olle.karlsonreuterc\olle\spelprojekt\p8\kittyengine\temp\editor\ship - purebreed\editor.tlog\cl.command.1.tlog
c:\users\olle.karlsonreuterc\olle\spelprojekt\p8\kittyengine\temp\editor\ship - purebreed\editor.tlog\cl.items.tlog
c:\users\olle.karlsonreuterc\olle\spelprojekt\p8\kittyengine\temp\editor\ship - purebreed\editor.tlog\cl.read.1.tlog
c:\users\olle.karlsonreuterc\olle\spelprojekt\p8\kittyengine\temp\editor\ship - purebreed\editor.tlog\cl.write.1.tlog
c:\users\olle.karlsonreuterc\olle\spelprojekt\p8\kittyengine\temp\editor\ship - purebreed\editor.tlog\lib-link.read.1.tlog
c:\users\olle.karlsonreuterc\olle\spelprojekt\p8\kittyengine\temp\editor\ship - purebreed\editor.tlog\lib-link.write.1.tlog
c:\users\olle.karlsonreuterc\olle\spelprojekt\p8\kittyengine\temp\editor\ship - purebreed\editor.tlog\lib.command.1.tlog
