Using pre-set license
Built from '2022.3/staging' branch; Version is '2022.3.13f1 (5f90a5ebde0f) revision 6262949'; Using compiler version '192829333'; Build Type 'Release'
OS: 'Windows 11  (10.0.22621) 64bit Education' Language: 'sv' Physical Memory: 16163 MB
BatchMode: 1, IsHumanControllingUs: 0, StartBugReporterOnCrash: 0, Is64bit: 1, IsPro: 1

COMMAND LINE ARGUMENTS:
C:\Program Files\Unity\Hub\Editor\Unity 2022.3.13f1\Editor\Unity.exe
-adb2
-batchMode
-noUpm
-name
AssetImportWorker0
-projectPath
C:/Users/olle.karlsonreuterc/Olle/Spelprojekt/P8/Unity
-logFile
Logs/AssetImportWorker0.log
-srvPort
58793
Successfully changed project path to: C:/Users/olle.karlsonreuterc/Olle/Spelprojekt/P8/Unity
C:/Users/olle.karlsonreuterc/Olle/Spelprojekt/P8/Unity
[UnityMemory] Configuration Parameters - Can be set up in boot.config
    "memorysetup-bucket-allocator-granularity=16"
    "memorysetup-bucket-allocator-bucket-count=8"
    "memorysetup-bucket-allocator-block-size=33554432"
    "memorysetup-bucket-allocator-block-count=8"
    "memorysetup-main-allocator-block-size=16777216"
    "memorysetup-thread-allocator-block-size=16777216"
    "memorysetup-gfx-main-allocator-block-size=16777216"
    "memorysetup-gfx-thread-allocator-block-size=16777216"
    "memorysetup-cache-allocator-block-size=4194304"
    "memorysetup-typetree-allocator-block-size=2097152"
    "memorysetup-profiler-bucket-allocator-granularity=16"
    "memorysetup-profiler-bucket-allocator-bucket-count=8"
    "memorysetup-profiler-bucket-allocator-block-size=33554432"
    "memorysetup-profiler-bucket-allocator-block-count=8"
    "memorysetup-profiler-allocator-block-size=16777216"
    "memorysetup-profiler-editor-allocator-block-size=1048576"
    "memorysetup-temp-allocator-size-main=16777216"
    "memorysetup-job-temp-allocator-block-size=2097152"
    "memorysetup-job-temp-allocator-block-size-background=1048576"
    "memorysetup-job-temp-allocator-reduction-small-platforms=262144"
    "memorysetup-allocator-temp-initial-block-size-main=262144"
    "memorysetup-allocator-temp-initial-block-size-worker=262144"
    "memorysetup-temp-allocator-size-background-worker=32768"
    "memorysetup-temp-allocator-size-job-worker=262144"
    "memorysetup-temp-allocator-size-preload-manager=33554432"
    "memorysetup-temp-allocator-size-nav-mesh-worker=65536"
    "memorysetup-temp-allocator-size-audio-worker=65536"
    "memorysetup-temp-allocator-size-cloud-worker=32768"
    "memorysetup-temp-allocator-size-gi-baking-worker=262144"
    "memorysetup-temp-allocator-size-gfx=262144"
Player connection [13356] Host "[IP] 10.250.74.163 [Port] 0 [Flags] 2 [Guid] 1949067689 [EditorId] 1949067689 [Version] 1048832 [Id] WindowsEditor(7,CZC923BVHD) [Debug] 1 [PackageName] WindowsEditor [ProjectName] Editor" joined multi-casting on [225.0.0.222:54997]...

Player connection [13356] Host "[IP] 10.250.74.163 [Port] 0 [Flags] 2 [Guid] 1949067689 [EditorId] 1949067689 [Version] 1048832 [Id] WindowsEditor(7,CZC923BVHD) [Debug] 1 [PackageName] WindowsEditor [ProjectName] Editor" joined alternative multi-casting on [225.0.0.222:34997]...

[Physics::Module] Initialized MultithreadedJobDispatcher with 11 workers.
Refreshing native plugins compatible for Editor in 11.62 ms, found 3 plugins.
Preloading 0 native plugins for Editor in 0.00 ms.
Initialize engine version: 2022.3.13f1 (5f90a5ebde0f)
[Subsystems] Discovering subsystems at path C:/Program Files/Unity/Hub/Editor/Unity 2022.3.13f1/Editor/Data/Resources/UnitySubsystems
[Subsystems] Discovering subsystems at path C:/Users/olle.karlsonreuterc/Olle/Spelprojekt/P8/Unity/Assets
GfxDevice: creating device client; threaded=0; jobified=0
Direct3D:
    Version:  Direct3D 11.0 [level 11.1]
    Renderer: NVIDIA GeForce RTX 2080 (ID=0x1e82)
    Vendor:   NVIDIA
    VRAM:     8002 MB
    Driver:   31.0.15.4584
Initialize mono
Mono path[0] = 'C:/Program Files/Unity/Hub/Editor/Unity 2022.3.13f1/Editor/Data/Managed'
Mono path[1] = 'C:/Program Files/Unity/Hub/Editor/Unity 2022.3.13f1/Editor/Data/MonoBleedingEdge/lib/mono/unityjit-win32'
Mono config path = 'C:/Program Files/Unity/Hub/Editor/Unity 2022.3.13f1/Editor/Data/MonoBleedingEdge/etc'
Using monoOptions --debugger-agent=transport=dt_socket,embedding=1,server=y,suspend=n,address=127.0.0.1:56880
Begin MonoManager ReloadAssembly
Registering precompiled unity dll's ...
Register platform support module: C:/Program Files/Unity/Hub/Editor/Unity 2022.3.13f1/Editor/Data/PlaybackEngines/WindowsStandaloneSupport/UnityEditor.WindowsStandalone.Extensions.dll
Registered in 0.007640 seconds.
- Loaded All Assemblies, in  0.412 seconds
Native extension for WindowsStandalone target not found
Mono: successfully reloaded assembly
- Finished resetting the current domain, in  0.293 seconds
Domain Reload Profiling: 703ms
	BeginReloadAssembly (129ms)
		ExecutionOrderSort (0ms)
		DisableScriptedObjects (0ms)
		BackupInstance (0ms)
		ReleaseScriptingObjects (0ms)
		CreateAndSetChildDomain (1ms)
	RebuildCommonClasses (45ms)
	RebuildNativeTypeToScriptingClass (15ms)
	initialDomainReloadingComplete (63ms)
	LoadAllAssembliesAndSetupDomain (158ms)
		LoadAssemblies (128ms)
		RebuildTransferFunctionScriptingTraits (0ms)
		AnalyzeDomain (156ms)
			TypeCache.Refresh (154ms)
				TypeCache.ScanAssembly (137ms)
			ScanForSourceGeneratedMonoScriptInfo (0ms)
			ResolveRequiredComponents (0ms)
	FinalizeReload (293ms)
		ReleaseScriptCaches (0ms)
		RebuildScriptCaches (0ms)
		SetupLoadedEditorAssemblies (228ms)
			LogAssemblyErrors (0ms)
			InitializePlatformSupportModulesInManaged (9ms)
			SetLoadedEditorAssemblies (9ms)
			RefreshPlugins (0ms)
			BeforeProcessingInitializeOnLoad (3ms)
			ProcessInitializeOnLoadAttributes (145ms)
			ProcessInitializeOnLoadMethodAttributes (62ms)
			AfterProcessingInitializeOnLoad (0ms)
			EditorAssembliesLoaded (0ms)
		ExecutionOrderSort2 (0ms)
		AwakeInstancesAfterBackupRestoration (0ms)
========================================================================
Worker process is ready to serve import requests
Begin MonoManager ReloadAssembly
Symbol file LoadedFromMemory is not a mono symbol file
- Loaded All Assemblies, in  0.934 seconds
Refreshing native plugins compatible for Editor in 3.99 ms, found 3 plugins.
Native extension for WindowsStandalone target not found
Package Manager log level set to [2]
[Package Manager] Server::EnsureServerProcessIsRunning -- launch failed, reason: Unity was launched with the -noUpm command-line argument
[Package Manager] UpmClient::Send -- Unable to send message (not connected to UPM process).
[Package Manager] Cannot connect to Unity Package Manager local server
Mono: successfully reloaded assembly
- Finished resetting the current domain, in  0.719 seconds
Domain Reload Profiling: 1649ms
	BeginReloadAssembly (206ms)
		ExecutionOrderSort (0ms)
		DisableScriptedObjects (9ms)
		BackupInstance (0ms)
		ReleaseScriptingObjects (0ms)
		CreateAndSetChildDomain (27ms)
	RebuildCommonClasses (68ms)
	RebuildNativeTypeToScriptingClass (19ms)
	initialDomainReloadingComplete (76ms)
	LoadAllAssembliesAndSetupDomain (561ms)
		LoadAssemblies (425ms)
		RebuildTransferFunctionScriptingTraits (0ms)
		AnalyzeDomain (261ms)
			TypeCache.Refresh (234ms)
				TypeCache.ScanAssembly (209ms)
			ScanForSourceGeneratedMonoScriptInfo (19ms)
			ResolveRequiredComponents (6ms)
	FinalizeReload (719ms)
		ReleaseScriptCaches (0ms)
		RebuildScriptCaches (0ms)
		SetupLoadedEditorAssemblies (507ms)
			LogAssemblyErrors (0ms)
			InitializePlatformSupportModulesInManaged (7ms)
			SetLoadedEditorAssemblies (6ms)
			RefreshPlugins (0ms)
			BeforeProcessingInitializeOnLoad (81ms)
			ProcessInitializeOnLoadAttributes (374ms)
			ProcessInitializeOnLoadMethodAttributes (31ms)
			AfterProcessingInitializeOnLoad (7ms)
			EditorAssembliesLoaded (0ms)
		ExecutionOrderSort2 (0ms)
		AwakeInstancesAfterBackupRestoration (9ms)
Launched and connected shader compiler UnityShaderCompiler.exe after 0.06 seconds
Refreshing native plugins compatible for Editor in 3.48 ms, found 3 plugins.
Preloading 0 native plugins for Editor in 0.00 ms.
Unloading 3148 Unused Serialized files (Serialized files now loaded: 0)
Unloading 34 unused Assets / (57.8 KB). Loaded Objects now: 3607.
Memory consumption went from 123.6 MB to 123.5 MB.
Total: 3.031900 ms (FindLiveObjects: 0.234500 ms CreateObjectMapping: 0.219200 ms MarkObjects: 2.485200 ms  DeleteObjects: 0.091800 ms)

AssetImportParameters requested are different than current active one (requested -> active):
  custom:container-demuxer-ogg: 62fdf1f143b41e24485cea50d1cbac27 -> 
  custom:video-codec-MediaFoundation-h265: 746d11721c4dcdbdad8f713fa42b33f4 -> 
  custom:video-decoder-ogg-theora: a1e56fd34408186e4bbccfd4996cb3dc -> 
  custom:framework-win-MediaFoundation: 216162199b28c13a410421893ffa2e32 -> 
  custom:container-demuxer-webm: 4f35f7cbe854078d1ac9338744f61a02 -> 
  custom:container-muxer-webm: aa71ff27fc2769a1b78a27578f13a17b -> 
  custom:video-decoder-webm-vp8: 9c59270c3fd7afecdb556c50c9e8de78 -> 
  custom:AudioImporter_EditorPlatform: d09bf68614088b80899f8185d706f6e7 -> 
  custom:video-encoder-webm-vp8: eb34c28f22e8b96e1ab97ce403110664 -> 
  custom:audio-decoder-ogg-vorbis: bf7c407c2cedff20999df2af8eb42d56 -> 
  custom:audio-encoder-webm-vorbis: bf7c407c2cedff20999df2af8eb42d56 -> 
========================================================================
Received Prepare
Refreshing native plugins compatible for Editor in 3.90 ms, found 3 plugins.
Preloading 0 native plugins for Editor in 0.00 ms.
Unloading 1 Unused Serialized files (Serialized files now loaded: 0)
Unloading 1 unused Assets / (3.0 KB). Loaded Objects now: 3607.
Memory consumption went from 74.0 MB to 74.0 MB.
Total: 3.017600 ms (FindLiveObjects: 0.281500 ms CreateObjectMapping: 0.267300 ms MarkObjects: 2.445100 ms  DeleteObjects: 0.022700 ms)

Prepare: number of updated asset objects reloaded= 0
AssetImportParameters requested are different than current active one (requested -> active):
  custom:container-demuxer-ogg: 62fdf1f143b41e24485cea50d1cbac27 -> 
  custom:video-codec-MediaFoundation-h265: 746d11721c4dcdbdad8f713fa42b33f4 -> 
  custom:video-decoder-ogg-theora: a1e56fd34408186e4bbccfd4996cb3dc -> 
  custom:framework-win-MediaFoundation: 216162199b28c13a410421893ffa2e32 -> 
  custom:CustomObjectIndexerAttribute: 756ad292c208cfabdd7b50bc23989ffe -> 
  custom:container-demuxer-webm: 4f35f7cbe854078d1ac9338744f61a02 -> 
  custom:container-muxer-webm: aa71ff27fc2769a1b78a27578f13a17b -> 
  custom:video-decoder-webm-vp8: 9c59270c3fd7afecdb556c50c9e8de78 -> 
  custom:SearchIndexIgnoredProperties: e643bd26f0fe6173181afceb89e7c659 -> 
  custom:AudioImporter_EditorPlatform: d09bf68614088b80899f8185d706f6e7 -> 
  custom:video-encoder-webm-vp8: eb34c28f22e8b96e1ab97ce403110664 -> 
  custom:audio-decoder-ogg-vorbis: bf7c407c2cedff20999df2af8eb42d56 -> 
  custom:audio-encoder-webm-vorbis: bf7c407c2cedff20999df2af8eb42d56 -> 
========================================================================
Received Import Request.
  Time since last request: 1844822.435061 seconds.
  path: Assets/Kitty Assets/Audio/SFX/Player
  artifactKey: Guid(36c0ff54477e77b45b40c964f3f3dfaa) Importer(815301076,1909f56bfc062723c751e8b465ee728b)
Start importing Assets/Kitty Assets/Audio/SFX/Player using Guid(36c0ff54477e77b45b40c964f3f3dfaa) Importer(815301076,1909f56bfc062723c751e8b465ee728b)  -> (artifact id: '9e48af0e660fd7f19fd89e1bd3ba40c0') in 0.003970 seconds
Number of updated asset objects reloaded before import = 0
Number of asset objects unloaded after import = 0
========================================================================
Received Import Request.
  Time since last request: 1.297165 seconds.
  path: Assets/Kitty Assets/Audio/SFX/Player/VoiceOver
  artifactKey: Guid(5c24c880c5f3a0b4fbc339e0a6899518) Importer(815301076,1909f56bfc062723c751e8b465ee728b)
Start importing Assets/Kitty Assets/Audio/SFX/Player/VoiceOver using Guid(5c24c880c5f3a0b4fbc339e0a6899518) Importer(815301076,1909f56bfc062723c751e8b465ee728b)  -> (artifact id: 'bc896b8c7704c749ed14aa40a73f1df4') in 0.000476 seconds
Number of updated asset objects reloaded before import = 0
Number of asset objects unloaded after import = 0
========================================================================
Received Import Request.
  Time since last request: 27.763539 seconds.
  path: Assets/Kitty Assets/Audio/SFX/Player/VoiceOver/god_win.wav
  artifactKey: Guid(ef02ad3205afd0b478ef0f9ea8db5a6e) Importer(815301076,1909f56bfc062723c751e8b465ee728b)
Start importing Assets/Kitty Assets/Audio/SFX/Player/VoiceOver/god_win.wav using Guid(ef02ad3205afd0b478ef0f9ea8db5a6e) Importer(815301076,1909f56bfc062723c751e8b465ee728b)  -> (artifact id: '11cfd570ee7559d287fde4b0cfb37104') in 0.102535 seconds
Number of updated asset objects reloaded before import = 0
Number of asset objects unloaded after import = 2
========================================================================
Received Import Request.
  Time since last request: 4.961012 seconds.
  path: Assets/Kitty Assets/Audio/SFX/Player/VoiceOver/God_Win.wav
  artifactKey: Guid(ef02ad3205afd0b478ef0f9ea8db5a6e) Importer(815301076,1909f56bfc062723c751e8b465ee728b)
Start importing Assets/Kitty Assets/Audio/SFX/Player/VoiceOver/God_Win.wav using Guid(ef02ad3205afd0b478ef0f9ea8db5a6e) Importer(815301076,1909f56bfc062723c751e8b465ee728b)  -> (artifact id: '0304c37a1558c47d95e734186383f7db') in 0.005911 seconds
Number of updated asset objects reloaded before import = 0
Number of asset objects unloaded after import = 2
========================================================================
Received Import Request.
  Time since last request: 0.394162 seconds.
  path: Assets/Kitty Assets/Audio/SFX/Player/VoiceOver/god_lose.wav
  artifactKey: Guid(047cb9675d19f48438245b9aa44d211e) Importer(815301076,1909f56bfc062723c751e8b465ee728b)
Start importing Assets/Kitty Assets/Audio/SFX/Player/VoiceOver/god_lose.wav using Guid(047cb9675d19f48438245b9aa44d211e) Importer(815301076,1909f56bfc062723c751e8b465ee728b)  -> (artifact id: '8888e892fa5f90791534cd53a7c506d4') in 0.005558 seconds
Number of updated asset objects reloaded before import = 0
Number of asset objects unloaded after import = 2
========================================================================
Received Import Request.
  Time since last request: 5.087527 seconds.
  path: Assets/Kitty Assets/Audio/SFX/Player/VoiceOver/God_Lose.wav
  artifactKey: Guid(047cb9675d19f48438245b9aa44d211e) Importer(815301076,1909f56bfc062723c751e8b465ee728b)
Start importing Assets/Kitty Assets/Audio/SFX/Player/VoiceOver/God_Lose.wav using Guid(047cb9675d19f48438245b9aa44d211e) Importer(815301076,1909f56bfc062723c751e8b465ee728b)  -> (artifact id: 'd1539b207ea65d34d4e0a1365259b8a9') in 0.008007 seconds
Number of updated asset objects reloaded before import = 0
Number of asset objects unloaded after import = 2
========================================================================
Received Prepare
Begin MonoManager ReloadAssembly
Symbol file LoadedFromMemory is not a mono symbol file
- Loaded All Assemblies, in  0.548 seconds
Refreshing native plugins compatible for Editor in 3.71 ms, found 3 plugins.
Native extension for WindowsStandalone target not found
[Package Manager] Server::EnsureServerProcessIsRunning -- launch failed, reason: Unity was launched with the -noUpm command-line argument
[Package Manager] UpmClient::Send -- Unable to send message (not connected to UPM process).
[Package Manager] Cannot connect to Unity Package Manager local server
Mono: successfully reloaded assembly
- Finished resetting the current domain, in  1.217 seconds
Domain Reload Profiling: 1763ms
	BeginReloadAssembly (166ms)
		ExecutionOrderSort (0ms)
		DisableScriptedObjects (5ms)
		BackupInstance (0ms)
		ReleaseScriptingObjects (0ms)
		CreateAndSetChildDomain (35ms)
	RebuildCommonClasses (42ms)
	RebuildNativeTypeToScriptingClass (11ms)
	initialDomainReloadingComplete (35ms)
	LoadAllAssembliesAndSetupDomain (291ms)
		LoadAssemblies (360ms)
		RebuildTransferFunctionScriptingTraits (0ms)
		AnalyzeDomain (23ms)
			TypeCache.Refresh (11ms)
				TypeCache.ScanAssembly (1ms)
			ScanForSourceGeneratedMonoScriptInfo (7ms)
			ResolveRequiredComponents (5ms)
	FinalizeReload (1217ms)
		ReleaseScriptCaches (0ms)
		RebuildScriptCaches (0ms)
		SetupLoadedEditorAssemblies (367ms)
			LogAssemblyErrors (0ms)
			InitializePlatformSupportModulesInManaged (5ms)
			SetLoadedEditorAssemblies (5ms)
			RefreshPlugins (0ms)
			BeforeProcessingInitializeOnLoad (60ms)
			ProcessInitializeOnLoadAttributes (266ms)
			ProcessInitializeOnLoadMethodAttributes (21ms)
			AfterProcessingInitializeOnLoad (9ms)
			EditorAssembliesLoaded (0ms)
		ExecutionOrderSort2 (0ms)
		AwakeInstancesAfterBackupRestoration (8ms)
Refreshing native plugins compatible for Editor in 3.95 ms, found 3 plugins.
Preloading 0 native plugins for Editor in 0.00 ms.
Unloading 3140 Unused Serialized files (Serialized files now loaded: 0)
Unloading 25 unused Assets / (32.1 KB). Loaded Objects now: 3620.
Memory consumption went from 128.7 MB to 128.7 MB.
Total: 4.346100 ms (FindLiveObjects: 0.299800 ms CreateObjectMapping: 0.252500 ms MarkObjects: 3.726800 ms  DeleteObjects: 0.065400 ms)

Prepare: number of updated asset objects reloaded= 0
AssetImportParameters requested are different than current active one (requested -> active):
  custom:container-demuxer-ogg: 62fdf1f143b41e24485cea50d1cbac27 -> 
  custom:video-codec-MediaFoundation-h265: 746d11721c4dcdbdad8f713fa42b33f4 -> 
  custom:video-decoder-ogg-theora: a1e56fd34408186e4bbccfd4996cb3dc -> 
  custom:framework-win-MediaFoundation: 216162199b28c13a410421893ffa2e32 -> 
  custom:CustomObjectIndexerAttribute: 756ad292c208cfabdd7b50bc23989ffe -> 
  custom:container-demuxer-webm: 4f35f7cbe854078d1ac9338744f61a02 -> 
  custom:container-muxer-webm: aa71ff27fc2769a1b78a27578f13a17b -> 
  custom:video-decoder-webm-vp8: 9c59270c3fd7afecdb556c50c9e8de78 -> 
  custom:SearchIndexIgnoredProperties: e643bd26f0fe6173181afceb89e7c659 -> 
  custom:AudioImporter_EditorPlatform: d09bf68614088b80899f8185d706f6e7 -> 
  custom:video-encoder-webm-vp8: eb34c28f22e8b96e1ab97ce403110664 -> 
  custom:audio-decoder-ogg-vorbis: bf7c407c2cedff20999df2af8eb42d56 -> 
  custom:audio-encoder-webm-vorbis: bf7c407c2cedff20999df2af8eb42d56 -> 
========================================================================
Received Import Request.
  Time since last request: 1619.845019 seconds.
  path: Assets/Scenes/Pontus_Level/MAIN_Levels/Grass1.unity
  artifactKey: Guid(3dfa3ebb7cd6c2340b3a5b711bb687d8) Importer(815301076,1909f56bfc062723c751e8b465ee728b)
Start importing Assets/Scenes/Pontus_Level/MAIN_Levels/Grass1.unity using Guid(3dfa3ebb7cd6c2340b3a5b711bb687d8) Importer(815301076,1909f56bfc062723c751e8b465ee728b)  -> (artifact id: 'e03445e79e73c90ed32efc7860704589') in 0.003597 seconds
Number of updated asset objects reloaded before import = 0
Number of asset objects unloaded after import = 0
========================================================================
Received Import Request.
  Time since last request: 2.823354 seconds.
  path: Assets/Scenes/Pontus_Level/MAIN_Levels/Grass2.unity
  artifactKey: Guid(a4805e3c6c31dba4db69a7346235265e) Importer(815301076,1909f56bfc062723c751e8b465ee728b)
Start importing Assets/Scenes/Pontus_Level/MAIN_Levels/Grass2.unity using Guid(a4805e3c6c31dba4db69a7346235265e) Importer(815301076,1909f56bfc062723c751e8b465ee728b)  -> (artifact id: '54def2a81500cef586fab4560cabd4d8') in 0.000522 seconds
Number of updated asset objects reloaded before import = 0
Number of asset objects unloaded after import = 0
========================================================================
Received Import Request.
  Time since last request: 2.047725 seconds.
  path: Assets/Scenes/Pontus_Level/MAIN_Levels/Lilypad1.unity
  artifactKey: Guid(1b2329fb75065df45a976b1254fe6dfc) Importer(815301076,1909f56bfc062723c751e8b465ee728b)
Start importing Assets/Scenes/Pontus_Level/MAIN_Levels/Lilypad1.unity using Guid(1b2329fb75065df45a976b1254fe6dfc) Importer(815301076,1909f56bfc062723c751e8b465ee728b)  -> (artifact id: 'fb518bae9b9517d4eaebdc03622aeeeb') in 0.000439 seconds
Number of updated asset objects reloaded before import = 0
Number of asset objects unloaded after import = 0
========================================================================
Received Import Request.
  Time since last request: 1.228548 seconds.
  path: Assets/Scenes/Pontus_Level/MAIN_Levels/Lilypad2.unity
  artifactKey: Guid(b60e20cea5cdee840963128dc0a57715) Importer(815301076,1909f56bfc062723c751e8b465ee728b)
Start importing Assets/Scenes/Pontus_Level/MAIN_Levels/Lilypad2.unity using Guid(b60e20cea5cdee840963128dc0a57715) Importer(815301076,1909f56bfc062723c751e8b465ee728b)  -> (artifact id: '3ad8f3bea6e3bf04070d4cbc278617a9') in 0.000465 seconds
Number of updated asset objects reloaded before import = 0
Number of asset objects unloaded after import = 0
========================================================================
Received Import Request.
  Time since last request: 0.906193 seconds.
  path: Assets/Scenes/Pontus_Level/MAIN_Levels/Lilypad3.unity
  artifactKey: Guid(0d45b4337984fe1448478ad4d08cad58) Importer(815301076,1909f56bfc062723c751e8b465ee728b)
Start importing Assets/Scenes/Pontus_Level/MAIN_Levels/Lilypad3.unity using Guid(0d45b4337984fe1448478ad4d08cad58) Importer(815301076,1909f56bfc062723c751e8b465ee728b)  -> (artifact id: '8a83005bde1f13c0d763296cbde69cb8') in 0.000481 seconds
Number of updated asset objects reloaded before import = 0
Number of asset objects unloaded after import = 0
========================================================================
Received Import Request.
  Time since last request: 1.424457 seconds.
  path: Assets/Scenes/Pontus_Level/MAIN_Levels/Lilypad4.unity
  artifactKey: Guid(fd3746e6660eee447861e59a4f91181b) Importer(815301076,1909f56bfc062723c751e8b465ee728b)
Start importing Assets/Scenes/Pontus_Level/MAIN_Levels/Lilypad4.unity using Guid(fd3746e6660eee447861e59a4f91181b) Importer(815301076,1909f56bfc062723c751e8b465ee728b)  -> (artifact id: '369ed29a4bd03c6fbd11f31a48ae21e2') in 0.000488 seconds
Number of updated asset objects reloaded before import = 0
Number of asset objects unloaded after import = 0
========================================================================
Received Import Request.
  Time since last request: 1.242038 seconds.
  path: Assets/Scenes/Pontus_Level/MAIN_Levels/Mansion1.unity
  artifactKey: Guid(7b95c2bca6dab1545bc9d10c448fb536) Importer(815301076,1909f56bfc062723c751e8b465ee728b)
Start importing Assets/Scenes/Pontus_Level/MAIN_Levels/Mansion1.unity using Guid(7b95c2bca6dab1545bc9d10c448fb536) Importer(815301076,1909f56bfc062723c751e8b465ee728b)  -> (artifact id: 'd0e92507eaae7d67ea10849f19715a46') in 0.000440 seconds
Number of updated asset objects reloaded before import = 0
Number of asset objects unloaded after import = 0
========================================================================
Received Import Request.
  Time since last request: 1.048665 seconds.
  path: Assets/Scenes/Pontus_Level/MAIN_Levels/Space1.unity
  artifactKey: Guid(7bece7aa1dcfb924da97e8e35fbdd8f7) Importer(815301076,1909f56bfc062723c751e8b465ee728b)
Start importing Assets/Scenes/Pontus_Level/MAIN_Levels/Space1.unity using Guid(7bece7aa1dcfb924da97e8e35fbdd8f7) Importer(815301076,1909f56bfc062723c751e8b465ee728b)  -> (artifact id: '83a3a20066ebe1c4c9221821760a2e40') in 0.000515 seconds
Number of updated asset objects reloaded before import = 0
Number of asset objects unloaded after import = 0
========================================================================
Received Import Request.
  Time since last request: 0.971311 seconds.
  path: Assets/Scenes/Pontus_Level/MAIN_Levels/Space2.unity
  artifactKey: Guid(bad0f8c7259b4324f8fbb9158b7578df) Importer(815301076,1909f56bfc062723c751e8b465ee728b)
Start importing Assets/Scenes/Pontus_Level/MAIN_Levels/Space2.unity using Guid(bad0f8c7259b4324f8fbb9158b7578df) Importer(815301076,1909f56bfc062723c751e8b465ee728b)  -> (artifact id: 'fafe146b697c593b78e72b1780a1bf5b') in 0.000440 seconds
Number of updated asset objects reloaded before import = 0
Number of asset objects unloaded after import = 0
========================================================================
Received Import Request.
  Time since last request: 1.193735 seconds.
  path: Assets/Scenes/Pontus_Level/MAIN_Levels/Space3.unity
  artifactKey: Guid(e3fdfeddf89cb494590642013cf07402) Importer(815301076,1909f56bfc062723c751e8b465ee728b)
Start importing Assets/Scenes/Pontus_Level/MAIN_Levels/Space3.unity using Guid(e3fdfeddf89cb494590642013cf07402) Importer(815301076,1909f56bfc062723c751e8b465ee728b)  -> (artifact id: '9cad3ee5a6f12c36f1c4a66381e71e33') in 0.000437 seconds
Number of updated asset objects reloaded before import = 0
Number of asset objects unloaded after import = 0
========================================================================
Received Import Request.
  Time since last request: 0.852251 seconds.
  path: Assets/Scenes/Pontus_Level/MAIN_Levels/Tutorial.unity
  artifactKey: Guid(65af20b7ba944114d808d5849e5e9cbf) Importer(815301076,1909f56bfc062723c751e8b465ee728b)
Start importing Assets/Scenes/Pontus_Level/MAIN_Levels/Tutorial.unity using Guid(65af20b7ba944114d808d5849e5e9cbf) Importer(815301076,1909f56bfc062723c751e8b465ee728b)  -> (artifact id: 'a85c3cf5b1661568212eb2aac0138b0b') in 0.000447 seconds
Number of updated asset objects reloaded before import = 0
Number of asset objects unloaded after import = 0
========================================================================
Received Import Request.
  Time since last request: 1.375422 seconds.
  path: Assets/Scenes/Pontus_Level/MAIN_Levels/Victory.unity
  artifactKey: Guid(37b6a58c3dd144244bda51ebc04a8d93) Importer(815301076,1909f56bfc062723c751e8b465ee728b)
Start importing Assets/Scenes/Pontus_Level/MAIN_Levels/Victory.unity using Guid(37b6a58c3dd144244bda51ebc04a8d93) Importer(815301076,1909f56bfc062723c751e8b465ee728b)  -> (artifact id: 'f4f1d7d60d0853fa5aacde937e798663') in 0.000556 seconds
Number of updated asset objects reloaded before import = 0
Number of asset objects unloaded after import = 0
========================================================================
Received Import Request.
  Time since last request: 1.303616 seconds.
  path: Assets/Scenes/Pontus_Level/MAIN_Levels/Mansion2.unity
  artifactKey: Guid(80a7076c34470944db45bd251779e882) Importer(815301076,1909f56bfc062723c751e8b465ee728b)
Start importing Assets/Scenes/Pontus_Level/MAIN_Levels/Mansion2.unity using Guid(80a7076c34470944db45bd251779e882) Importer(815301076,1909f56bfc062723c751e8b465ee728b)  -> (artifact id: 'cd287a7caba565ff8493dd2b64148c5f') in 0.000504 seconds
Number of updated asset objects reloaded before import = 0
Number of asset objects unloaded after import = 0
========================================================================
Received Import Request.
  Time since last request: 18908.006579 seconds.
  path: Assets/Kitty Assets/Audio/SFX/Player/VoiceOver/God_Select.wav
  artifactKey: Guid(93a1ef9454e27744cbfd3011ae52d59b) Importer(815301076,1909f56bfc062723c751e8b465ee728b)
Start importing Assets/Kitty Assets/Audio/SFX/Player/VoiceOver/God_Select.wav using Guid(93a1ef9454e27744cbfd3011ae52d59b) Importer(815301076,1909f56bfc062723c751e8b465ee728b)  -> (artifact id: '121fc6dbfa603f44c10a66ab39b4ed6f') in 4.269154 seconds
Number of updated asset objects reloaded before import = 0
Number of asset objects unloaded after import = 2
========================================================================
Received Import Request.
  Time since last request: 5.774239 seconds.
  path: Assets/Kitty Assets/Audio/SFX/Player/VoiceOver/God_Select_1.wav
  artifactKey: Guid(c744afd330bda1c4092d9e10bf4edcab) Importer(815301076,1909f56bfc062723c751e8b465ee728b)
Start importing Assets/Kitty Assets/Audio/SFX/Player/VoiceOver/God_Select_1.wav using Guid(c744afd330bda1c4092d9e10bf4edcab) Importer(815301076,1909f56bfc062723c751e8b465ee728b)  -> (artifact id: '7c20fd1e7fe529e430c7fa277096c3b2') in 0.063293 seconds
Number of updated asset objects reloaded before import = 0
Number of asset objects unloaded after import = 2
========================================================================
Received Import Request.
  Time since last request: 1.691390 seconds.
  path: Assets/Kitty Assets/Audio/SFX/Player/VoiceOver/God_Select_2.wav
  artifactKey: Guid(0d1aed4ab049b874fb33e1b2e85f2171) Importer(815301076,1909f56bfc062723c751e8b465ee728b)
Start importing Assets/Kitty Assets/Audio/SFX/Player/VoiceOver/God_Select_2.wav using Guid(0d1aed4ab049b874fb33e1b2e85f2171) Importer(815301076,1909f56bfc062723c751e8b465ee728b)  -> (artifact id: '6d79653b6597d48f5ee0426e89194f3e') in 0.045433 seconds
Number of updated asset objects reloaded before import = 0
Number of asset objects unloaded after import = 2
