  Editor.cpp
  EditorFile.cpp
  EditorGraphics.cpp
  AssetBrowser.cpp
  Console.cpp
  DataMaterialMaker.cpp
  DeferredView.cpp
  EditSounds.cpp
  GUIEditor.cpp
  GameObjectList.cpp
  GameRuleEditor.cpp
  LambdaWindow.cpp
  ModelViewer.cpp
  NodeEditor.cpp
  SelectedObject.cpp
  Viewport.cpp
  Window.cpp
C:\Users\olle.karlsonreuterc\Olle\Spelprojekt\P8\KittyEngine\Editor\Source\EditorWindows\AssetBrowser.cpp(497,45): warning C4244: '=': conversion from 'int' to '_Elem', possible loss of data
C:\Users\olle.karlsonreuterc\Olle\Spelprojekt\P8\KittyEngine\Editor\Source\EditorWindows\AssetBrowser.cpp(497,45): warning C4244:         with
C:\Users\olle.karlsonreuterc\Olle\Spelprojekt\P8\KittyEngine\Editor\Source\EditorWindows\AssetBrowser.cpp(497,45): warning C4244:         [
C:\Users\olle.karlsonreuterc\Olle\Spelprojekt\P8\KittyEngine\Editor\Source\EditorWindows\AssetBrowser.cpp(497,45): warning C4244:             _Elem=char
C:\Users\olle.karlsonreuterc\Olle\Spelprojekt\P8\KittyEngine\Editor\Source\EditorWindows\AssetBrowser.cpp(497,45): warning C4244:         ]
  (compiling source file '/Editor/Source/EditorWindows/AssetBrowser.cpp')
  
C:\Users\olle.karlsonreuterc\Olle\Spelprojekt\P8\KittyEngine\Editor\Source\EditorWindows\AssetBrowser.cpp(498,43): warning C4244: '=': conversion from 'int' to '_Elem', possible loss of data
C:\Users\olle.karlsonreuterc\Olle\Spelprojekt\P8\KittyEngine\Editor\Source\EditorWindows\AssetBrowser.cpp(498,43): warning C4244:         with
C:\Users\olle.karlsonreuterc\Olle\Spelprojekt\P8\KittyEngine\Editor\Source\EditorWindows\AssetBrowser.cpp(498,43): warning C4244:         [
C:\Users\olle.karlsonreuterc\Olle\Spelprojekt\P8\KittyEngine\Editor\Source\EditorWindows\AssetBrowser.cpp(498,43): warning C4244:             _Elem=char
C:\Users\olle.karlsonreuterc\Olle\Spelprojekt\P8\KittyEngine\Editor\Source\EditorWindows\AssetBrowser.cpp(498,43): warning C4244:         ]
  (compiling source file '/Editor/Source/EditorWindows/AssetBrowser.cpp')
  
  ImGuiHandler.cpp
  MeowFile.cpp
  Editor.vcxproj -> C:\Users\olle.karlsonreuterc\Olle\Spelprojekt\P8\KittyEngine\Temp\IntermediateLib\KittyEditor_Release - Hybrid.lib
