c:\users\olle.karlsonreuterc\olle\spelprojekt\p8\kittyengine\temp\editor\release - hybrid\kittyeditor_release - hybrid.pch
c:\users\olle.karlsonreuterc\olle\spelprojekt\p8\kittyengine\temp\intermediatelib\kittyeditor_release - hybrid.pdb
c:\users\olle.karlsonreuterc\olle\spelprojekt\p8\kittyengine\temp\editor\release - hybrid\stdafx.obj
c:\users\olle.karlsonreuterc\olle\spelprojekt\p8\kittyengine\temp\editor\release - hybrid\gameobjectlist.obj
c:\users\olle.karlsonreuterc\olle\spelprojekt\p8\kittyengine\temp\editor\release - hybrid\datamaterialmaker.obj
c:\users\olle.karlsonreuterc\olle\spelprojekt\p8\kittyengine\temp\editor\release - hybrid\window.obj
c:\users\olle.karlsonreuterc\olle\spelprojekt\p8\kittyengine\temp\editor\release - hybrid\meowfile.obj
c:\users\olle.karlsonreuterc\olle\spelprojekt\p8\kittyengine\temp\editor\release - hybrid\deferredview.obj
c:\users\olle.karlsonreuterc\olle\spelprojekt\p8\kittyengine\temp\editor\release - hybrid\modelviewer.obj
c:\users\olle.karlsonreuterc\olle\spelprojekt\p8\kittyengine\temp\editor\release - hybrid\componentinspector.obj
c:\users\olle.karlsonreuterc\olle\spelprojekt\p8\kittyengine\temp\editor\release - hybrid\editorfile.obj
c:\users\olle.karlsonreuterc\olle\spelprojekt\p8\kittyengine\temp\editor\release - hybrid\viewport.obj
c:\users\olle.karlsonreuterc\olle\spelprojekt\p8\kittyengine\temp\editor\release - hybrid\guieditor.obj
c:\users\olle.karlsonreuterc\olle\spelprojekt\p8\kittyengine\temp\editor\release - hybrid\imguihandler.obj
c:\users\olle.karlsonreuterc\olle\spelprojekt\p8\kittyengine\temp\editor\release - hybrid\editor.obj
c:\users\olle.karlsonreuterc\olle\spelprojekt\p8\kittyengine\temp\editor\release - hybrid\lambdawindow.obj
c:\users\olle.karlsonreuterc\olle\spelprojekt\p8\kittyengine\temp\editor\release - hybrid\editorinspection.obj
c:\users\olle.karlsonreuterc\olle\spelprojekt\p8\kittyengine\temp\editor\release - hybrid\editorgraphics.obj
c:\users\olle.karlsonreuterc\olle\spelprojekt\p8\kittyengine\temp\editor\release - hybrid\nodeeditor.obj
c:\users\olle.karlsonreuterc\olle\spelprojekt\p8\kittyengine\temp\editor\release - hybrid\console.obj
c:\users\olle.karlsonreuterc\olle\spelprojekt\p8\kittyengine\temp\editor\release - hybrid\selectedobject.obj
c:\users\olle.karlsonreuterc\olle\spelprojekt\p8\kittyengine\temp\editor\release - hybrid\assetbrowser.obj
c:\users\olle.karlsonreuterc\olle\spelprojekt\p8\kittyengine\temp\editor\release - hybrid\gameruleeditor.obj
c:\users\olle.karlsonreuterc\olle\spelprojekt\p8\kittyengine\temp\editor\release - hybrid\nodeeditoraction.obj
c:\users\olle.karlsonreuterc\olle\spelprojekt\p8\kittyengine\temp\editor\release - hybrid\editsounds.obj
c:\users\olle.karlsonreuterc\olle\spelprojekt\p8\kittyengine\temp\intermediatelib\kittyeditor_release - hybrid.lib
c:\users\olle.karlsonreuterc\olle\spelprojekt\p8\kittyengine\temp\editor\release - hybrid\editor.tlog\cl.command.1.tlog
c:\users\olle.karlsonreuterc\olle\spelprojekt\p8\kittyengine\temp\editor\release - hybrid\editor.tlog\cl.items.tlog
c:\users\olle.karlsonreuterc\olle\spelprojekt\p8\kittyengine\temp\editor\release - hybrid\editor.tlog\cl.read.1.tlog
c:\users\olle.karlsonreuterc\olle\spelprojekt\p8\kittyengine\temp\editor\release - hybrid\editor.tlog\cl.write.1.tlog
c:\users\olle.karlsonreuterc\olle\spelprojekt\p8\kittyengine\temp\editor\release - hybrid\editor.tlog\lib-link.read.1.tlog
c:\users\olle.karlsonreuterc\olle\spelprojekt\p8\kittyengine\temp\editor\release - hybrid\editor.tlog\lib-link.write.1.tlog
c:\users\olle.karlsonreuterc\olle\spelprojekt\p8\kittyengine\temp\editor\release - hybrid\editor.tlog\lib.command.1.tlog
