c:\users\olle.karlsonreuterc\olle\spelprojekt\p8\kittyengine\temp\project\ship - purebreed\lobbysystem.obj
c:\users\olle.karlsonreuterc\olle\spelprojekt\p8\kittyengine\temp\project\ship - purebreed\actioncameracomponent.obj
c:\users\olle.karlsonreuterc\olle\spelprojekt\p8\kittyengine\temp\project\ship - purebreed\spawnpointcomponent.obj
c:\users\olle.karlsonreuterc\olle\spelprojekt\p8\kittyengine\temp\project\ship - purebreed\playerstatebase.obj
c:\users\olle.karlsonreuterc\olle\spelprojekt\p8\kittyengine\temp\project\ship - purebreed\speedpowerup.obj
c:\users\olle.karlsonreuterc\olle\spelprojekt\p8\kittyengine\temp\project\ship - purebreed\boomerangcomponent.obj
c:\users\olle.karlsonreuterc\olle\spelprojekt\p8\kittyengine\temp\project\ship - purebreed\juggernautpowerup.obj
c:\users\olle.karlsonreuterc\olle\spelprojekt\p8\kittyengine\temp\project\ship - purebreed\main.obj
c:\users\olle.karlsonreuterc\olle\spelprojekt\p8\kittyengine\temp\project\ship - purebreed\combathandler.obj
c:\users\olle.karlsonreuterc\olle\spelprojekt\p8\kittyengine\temp\project\ship - purebreed\portal.obj
c:\users\olle.karlsonreuterc\olle\spelprojekt\p8\kittyengine\temp\project\ship - purebreed\explosionpowerup.obj
c:\users\olle.karlsonreuterc\olle\spelprojekt\p8\kittyengine\temp\project\ship - purebreed\gamerules.obj
c:\users\olle.karlsonreuterc\olle\spelprojekt\p8\kittyengine\temp\project\ship - purebreed\telekinesispowerup.obj
c:\users\olle.karlsonreuterc\olle\spelprojekt\p8\kittyengine\temp\project\ship - purebreed\movingobject.obj
c:\users\olle.karlsonreuterc\olle\spelprojekt\p8\kittyengine\temp\project\ship - purebreed\doubleballpowerup.obj
c:\users\olle.karlsonreuterc\olle\spelprojekt\p8\kittyengine\temp\project\ship - purebreed\shieldpowerup.obj
c:\users\olle.karlsonreuterc\olle\spelprojekt\p8\kittyengine\temp\project\ship - purebreed\game.obj
c:\users\olle.karlsonreuterc\olle\spelprojekt\p8\kittyengine\temp\project\ship - purebreed\camerasettingsfile.obj
c:\users\olle.karlsonreuterc\olle\spelprojekt\p8\kittyengine\temp\project\ship - purebreed\movingobjecttrigger.obj
c:\users\olle.karlsonreuterc\olle\spelprojekt\p8\kittyengine\temp\project\ship - purebreed\playeranimationcontroller.obj
c:\users\olle.karlsonreuterc\olle\spelprojekt\p8\kittyengine\temp\project\ship - purebreed\powerup.obj
c:\users\olle.karlsonreuterc\olle\spelprojekt\p8\kittyengine\temp\project\ship - purebreed\gamemanager.obj
c:\users\olle.karlsonreuterc\olle\spelprojekt\p8\kittyengine\temp\project\ship - purebreed\timemanager.obj
c:\users\olle.karlsonreuterc\olle\spelprojekt\p8\kittyengine\temp\project\ship - purebreed\player.obj
c:\users\olle.karlsonreuterc\olle\spelprojekt\p8\kittyengine\temp\project\ship - purebreed\ballmanager.obj
c:\users\olle.karlsonreuterc\olle\spelprojekt\p8\kittyengine\temp\project\ship - purebreed\teleportpowerup.obj
c:\users\olle.karlsonreuterc\olle\spelprojekt\p8\kittyengine\temp\project\ship - purebreed\boomerangphysxcontroller.obj
c:\users\olle.karlsonreuterc\olle\spelprojekt\p8\kittyengine\temp\project\ship - purebreed\dashthroughwallspowerup.obj
c:\users\olle.karlsonreuterc\olle\spelprojekt\p8\kittyengine\temp\project\ship - purebreed\splitboomerangpowerup.obj
c:\users\olle.karlsonreuterc\olle\spelprojekt\p8\kittyengine\temp\project\ship - purebreed\powerupareacomponent.obj
c:\users\olle.karlsonreuterc\olle\spelprojekt\p8\kittyengine\temp\project\ship - purebreed\poweruppickupcomponent.obj
c:\users\olle.karlsonreuterc\olle\spelprojekt\p8\kittyengine\temp\project\ship - purebreed\intergalactic ball throwing championship with friends ツツ.pch
c:\users\olle.karlsonreuterc\olle\spelprojekt\p8\kittyengine\temp\project\ship - purebreed\vc143.pdb
c:\users\olle.karlsonreuterc\olle\spelprojekt\p8\kittyengine\temp\project\ship - purebreed\stdafx.obj
c:\users\olle.karlsonreuterc\olle\spelprojekt\p8\kittyengine\bin\intergalactic ball throwing championship with friends ツツ.exe
c:\users\olle.karlsonreuterc\olle\spelprojekt\p8\kittyengine\bin\intergalactic ball throwing championship with friends ツツ.pdb
c:\users\olle.karlsonreuterc\olle\spelprojekt\p8\kittyengine\temp\project\ship - purebreed\project.res
c:\users\olle.karlsonreuterc\olle\spelprojekt\p8\kittyengine\temp\project\ship - purebreed\resources.res
c:\users\olle.karlsonreuterc\olle\spelprojekt\p8\kittyengine\temp\project\ship - purebreed\intergalactic ball throwing championship with friends ツ.pch
c:\users\olle.karlsonreuterc\olle\spelprojekt\p8\kittyengine\temp\project\ship - purebreed\project_ship - purebreed.pch
c:\users\olle.karlsonreuterc\olle\spelprojekt\p8\kittyengine\temp\project\ship - purebreed\project.tlog\cl.command.1.tlog
c:\users\olle.karlsonreuterc\olle\spelprojekt\p8\kittyengine\temp\project\ship - purebreed\project.tlog\cl.items.tlog
c:\users\olle.karlsonreuterc\olle\spelprojekt\p8\kittyengine\temp\project\ship - purebreed\project.tlog\cl.read.1.tlog
c:\users\olle.karlsonreuterc\olle\spelprojekt\p8\kittyengine\temp\project\ship - purebreed\project.tlog\cl.write.1.tlog
c:\users\olle.karlsonreuterc\olle\spelprojekt\p8\kittyengine\temp\project\ship - purebreed\project.tlog\link.command.1.tlog
c:\users\olle.karlsonreuterc\olle\spelprojekt\p8\kittyengine\temp\project\ship - purebreed\project.tlog\link.read.1.tlog
c:\users\olle.karlsonreuterc\olle\spelprojekt\p8\kittyengine\temp\project\ship - purebreed\project.tlog\link.secondary.1.tlog
c:\users\olle.karlsonreuterc\olle\spelprojekt\p8\kittyengine\temp\project\ship - purebreed\project.tlog\link.write.1.tlog
c:\users\olle.karlsonreuterc\olle\spelprojekt\p8\kittyengine\temp\project\ship - purebreed\project.tlog\rc.command.1.tlog
c:\users\olle.karlsonreuterc\olle\spelprojekt\p8\kittyengine\temp\project\ship - purebreed\project.tlog\rc.read.1.tlog
c:\users\olle.karlsonreuterc\olle\spelprojekt\p8\kittyengine\temp\project\ship - purebreed\project.tlog\rc.write.1.tlog
