c:\users\olle.karlsonreuterc\olle\spelprojekt\p8\kittyengine\temp\project\debug - moggie\camerasettingsfile.obj
c:\users\olle.karlsonreuterc\olle\spelprojekt\p8\kittyengine\temp\project\debug - moggie\actioncameracomponent.obj
c:\users\olle.karlsonreuterc\olle\spelprojekt\p8\kittyengine\temp\project\debug - moggie\boomerangphysxcontroller.obj
c:\users\olle.karlsonreuterc\olle\spelprojekt\p8\kittyengine\temp\project\debug - moggie\powerup.obj
c:\users\olle.karlsonreuterc\olle\spelprojekt\p8\kittyengine\temp\project\debug - moggie\boomerangcomponent.obj
c:\users\olle.karlsonreuterc\olle\spelprojekt\p8\kittyengine\temp\project\debug - moggie\powerupareacomponent.obj
c:\users\olle.karlsonreuterc\olle\spelprojekt\p8\kittyengine\temp\project\debug - moggie\gamemanager.obj
c:\users\olle.karlsonreuterc\olle\spelprojekt\p8\kittyengine\temp\project\debug - moggie\splitboomerangpowerup.obj
c:\users\olle.karlsonreuterc\olle\spelprojekt\p8\kittyengine\temp\project\debug - moggie\doubleballpowerup.obj
c:\users\olle.karlsonreuterc\olle\spelprojekt\p8\kittyengine\temp\project\debug - moggie\teleportpowerup.obj
c:\users\olle.karlsonreuterc\olle\spelprojekt\p8\kittyengine\temp\project\debug - moggie\lobbysystem.obj
c:\users\olle.karlsonreuterc\olle\spelprojekt\p8\kittyengine\temp\project\debug - moggie\main.obj
c:\users\olle.karlsonreuterc\olle\spelprojekt\p8\kittyengine\temp\project\debug - moggie\timemanager.obj
c:\users\olle.karlsonreuterc\olle\spelprojekt\p8\kittyengine\temp\project\debug - moggie\portal.obj
c:\users\olle.karlsonreuterc\olle\spelprojekt\p8\kittyengine\temp\project\debug - moggie\explosionpowerup.obj
c:\users\olle.karlsonreuterc\olle\spelprojekt\p8\kittyengine\temp\project\debug - moggie\game.obj
c:\users\olle.karlsonreuterc\olle\spelprojekt\p8\kittyengine\temp\project\debug - moggie\combathandler.obj
c:\users\olle.karlsonreuterc\olle\spelprojekt\p8\kittyengine\temp\project\debug - moggie\dashthroughwallspowerup.obj
c:\users\olle.karlsonreuterc\olle\spelprojekt\p8\kittyengine\temp\project\debug - moggie\telekinesispowerup.obj
c:\users\olle.karlsonreuterc\olle\spelprojekt\p8\kittyengine\temp\project\debug - moggie\player.obj
c:\users\olle.karlsonreuterc\olle\spelprojekt\p8\kittyengine\temp\project\debug - moggie\speedpowerup.obj
c:\users\olle.karlsonreuterc\olle\spelprojekt\p8\kittyengine\temp\project\debug - moggie\playerstatebase.obj
c:\users\olle.karlsonreuterc\olle\spelprojekt\p8\kittyengine\temp\project\debug - moggie\poweruppickupcomponent.obj
c:\users\olle.karlsonreuterc\olle\spelprojekt\p8\kittyengine\temp\project\debug - moggie\movingobject.obj
c:\users\olle.karlsonreuterc\olle\spelprojekt\p8\kittyengine\temp\project\debug - moggie\juggernautpowerup.obj
c:\users\olle.karlsonreuterc\olle\spelprojekt\p8\kittyengine\temp\project\debug - moggie\ballmanager.obj
c:\users\olle.karlsonreuterc\olle\spelprojekt\p8\kittyengine\temp\project\debug - moggie\shieldpowerup.obj
c:\users\olle.karlsonreuterc\olle\spelprojekt\p8\kittyengine\temp\project\debug - moggie\project_debug - moggie.pch
c:\users\olle.karlsonreuterc\olle\spelprojekt\p8\kittyengine\temp\project\debug - moggie\vc143.pdb
c:\users\olle.karlsonreuterc\olle\spelprojekt\p8\kittyengine\temp\project\debug - moggie\vc143.idb
c:\users\olle.karlsonreuterc\olle\spelprojekt\p8\kittyengine\temp\project\debug - moggie\stdafx.obj
c:\users\olle.karlsonreuterc\olle\spelprojekt\p8\kittyengine\temp\project\debug - moggie\movingobjecttrigger.obj
c:\users\olle.karlsonreuterc\olle\spelprojekt\p8\kittyengine\temp\project\debug - moggie\playeranimationcontroller.obj
c:\users\olle.karlsonreuterc\olle\spelprojekt\p8\kittyengine\temp\project\debug - moggie\spawnpointcomponent.obj
c:\users\olle.karlsonreuterc\olle\spelprojekt\p8\kittyengine\temp\project\debug - moggie\gamerules.obj
c:\users\olle.karlsonreuterc\olle\spelprojekt\p8\kittyengine\bin\project_debug - moggie.exe
c:\users\olle.karlsonreuterc\olle\spelprojekt\p8\kittyengine\bin\project_debug - moggie.pdb
c:\users\olle.karlsonreuterc\olle\spelprojekt\p8\kittyengine\temp\project\debug - moggie\project.res
c:\users\olle.karlsonreuterc\olle\spelprojekt\p8\kittyengine\temp\project\debug - moggie\resources.res
c:\users\olle.karlsonreuterc\olle\spelprojekt\p8\kittyengine\temp\project\debug - moggie\project_debug - moggie.ilk
c:\users\olle.karlsonreuterc\olle\spelprojekt\p8\kittyengine\temp\project\debug - moggie\actioncameracomponent.obj.enc
c:\users\olle.karlsonreuterc\olle\spelprojekt\p8\kittyengine\temp\project\debug - moggie\project.tlog\cl.command.1.tlog
c:\users\olle.karlsonreuterc\olle\spelprojekt\p8\kittyengine\temp\project\debug - moggie\project.tlog\cl.items.tlog
c:\users\olle.karlsonreuterc\olle\spelprojekt\p8\kittyengine\temp\project\debug - moggie\project.tlog\cl.read.1.tlog
c:\users\olle.karlsonreuterc\olle\spelprojekt\p8\kittyengine\temp\project\debug - moggie\project.tlog\cl.write.1.tlog
c:\users\olle.karlsonreuterc\olle\spelprojekt\p8\kittyengine\temp\project\debug - moggie\project.tlog\link.command.1.tlog
c:\users\olle.karlsonreuterc\olle\spelprojekt\p8\kittyengine\temp\project\debug - moggie\project.tlog\link.read.1.tlog
c:\users\olle.karlsonreuterc\olle\spelprojekt\p8\kittyengine\temp\project\debug - moggie\project.tlog\link.secondary.1.tlog
c:\users\olle.karlsonreuterc\olle\spelprojekt\p8\kittyengine\temp\project\debug - moggie\project.tlog\link.write.1.tlog
c:\users\olle.karlsonreuterc\olle\spelprojekt\p8\kittyengine\temp\project\debug - moggie\project.tlog\rc.command.1.tlog
c:\users\olle.karlsonreuterc\olle\spelprojekt\p8\kittyengine\temp\project\debug - moggie\project.tlog\rc.read.1.tlog
c:\users\olle.karlsonreuterc\olle\spelprojekt\p8\kittyengine\temp\project\debug - moggie\project.tlog\rc.write.1.tlog
