  Navmesh.cpp
  Pathfinder.cpp
  PhysicsCharacterController.cpp
  ModelComponent.cpp
  ShellTexturingComponent.cpp
  SkeletalModelComponent.cpp
  AnimationPlayer.cpp
  AssetLoader.cpp
  DebugRenderer.cpp
  DecalManager.cpp
  DistanceFog.cpp
  VFX.cpp
  FullscreenAsset.cpp
  Graphics.cpp
  DeferredLightManager.cpp
  ParticleEmitter.cpp
  PostProcessing.cpp
  RenderLayer.cpp
  BasicRenderer.cpp
  DecalRenderer.cpp
  InstancedRenderer.cpp
  ShellTexturedRenderer.cpp
  ----------------------------
  Kitty Graphics Best Graphics
  ----------------------------
             /|, _
            (',. /
            |,   \
            l.l__,)/
  ----------------------------
  SkeletalRenderer.cpp
  VFXRenderer.cpp
  SSAO.cpp
  SplashScreen.cpp
  SpriteManager.cpp
  Text.cpp
  TextureLoader.cpp
  Gamepad.cpp
  InputHandler.cpp
  InputWrapper.cpp
  UserInput.cpp
  LevelImporter.cpp
  NavmeshBuilder.cpp
  Scene.cpp
  SceneManager.cpp
  CodeNode.cpp
  CodeScriptParser.cpp
  MEOW
  NodeDatabase.cpp
  ScriptManager.cpp
  KITTY ENGIIINEEE
  GUIHandler.cpp
  GUITooltip.cpp
  Window.cpp
  							  The Story of the GUI Cat
  							  ------------------------
   _._     _,-'""`-._		 Once upon a time there was
  (,-.`._,'(       |\`-/|	 a GUI cat. It was a stran-
      `-.-' \ )-`( , o o)	 ge cat that did not like
            `-    \`_`"'-	 to be petted. It was a ve-
  							 ry angry cat. It had a be-
  							 ef with CUI cats. The End.
  Time for beautiful GUI :33
  Engine.vcxproj -> C:\Users\olle.karlsonreuterc\Olle\Spelprojekt\P8\KittyEngine\Temp\IntermediateLib\KittyEngine_Release - Hybrid.lib
