c:\users\olle.karlsonreuterc\olle\spelprojekt\p8\kittyengine\temp\engine\release - hybrid\kittyengine_release - hybrid.pch
c:\users\olle.karlsonreuterc\olle\spelprojekt\p8\kittyengine\temp\intermediatelib\kittyengine_release - hybrid.pdb
c:\users\olle.karlsonreuterc\olle\spelprojekt\p8\kittyengine\temp\engine\release - hybrid\stdafx.obj
c:\users\olle.karlsonreuterc\olle\spelprojekt\p8\kittyengine\temp\engine\release - hybrid\collider.obj
c:\users\olle.karlsonreuterc\olle\spelprojekt\p8\kittyengine\temp\engine\release - hybrid\attachcomponent.obj
c:\users\olle.karlsonreuterc\olle\spelprojekt\p8\kittyengine\temp\engine\release - hybrid\spherecollidercomponent.obj
c:\users\olle.karlsonreuterc\olle\spelprojekt\p8\kittyengine\temp\engine\release - hybrid\shelltexturingcomponent.obj
c:\users\olle.karlsonreuterc\olle\spelprojekt\p8\kittyengine\temp\engine\release - hybrid\depthbuffer.obj
c:\users\olle.karlsonreuterc\olle\spelprojekt\p8\kittyengine\temp\engine\release - hybrid\gbuffer.obj
c:\users\olle.karlsonreuterc\olle\spelprojekt\p8\kittyengine\temp\engine\release - hybrid\graphics.obj
c:\users\olle.karlsonreuterc\olle\spelprojekt\p8\kittyengine\temp\engine\release - hybrid\codescriptparser.obj
c:\users\olle.karlsonreuterc\olle\spelprojekt\p8\kittyengine\temp\engine\release - hybrid\window.obj
c:\users\olle.karlsonreuterc\olle\spelprojekt\p8\kittyengine\temp\engine\release - hybrid\audioinstance.obj
c:\users\olle.karlsonreuterc\olle\spelprojekt\p8\kittyengine\temp\engine\release - hybrid\capsulecollidercomponent.obj
c:\users\olle.karlsonreuterc\olle\spelprojekt\p8\kittyengine\temp\engine\release - hybrid\cameracomponent.obj
c:\users\olle.karlsonreuterc\olle\spelprojekt\p8\kittyengine\temp\engine\release - hybrid\postprocessingcomponent.obj
c:\users\olle.karlsonreuterc\olle\spelprojekt\p8\kittyengine\temp\engine\release - hybrid\skeletalmodelcomponent.obj
c:\users\olle.karlsonreuterc\olle\spelprojekt\p8\kittyengine\temp\engine\release - hybrid\cbuffer.obj
c:\users\olle.karlsonreuterc\olle\spelprojekt\p8\kittyengine\temp\engine\release - hybrid\debugrenderer.obj
c:\users\olle.karlsonreuterc\olle\spelprojekt\p8\kittyengine\temp\engine\release - hybrid\modelloader.obj
c:\users\olle.karlsonreuterc\olle\spelprojekt\p8\kittyengine\temp\engine\release - hybrid\vfxrenderer.obj
c:\users\olle.karlsonreuterc\olle\spelprojekt\p8\kittyengine\temp\engine\release - hybrid\levelimporter.obj
c:\users\olle.karlsonreuterc\olle\spelprojekt\p8\kittyengine\temp\engine\release - hybrid\behaviourtreebuilder.obj
c:\users\olle.karlsonreuterc\olle\spelprojekt\p8\kittyengine\temp\engine\release - hybrid\pawfile.obj
c:\users\olle.karlsonreuterc\olle\spelprojekt\p8\kittyengine\temp\engine\release - hybrid\vfx.obj
c:\users\olle.karlsonreuterc\olle\spelprojekt\p8\kittyengine\temp\engine\release - hybrid\languagedata.obj
c:\users\olle.karlsonreuterc\olle\spelprojekt\p8\kittyengine\temp\engine\release - hybrid\navgrid.obj
c:\users\olle.karlsonreuterc\olle\spelprojekt\p8\kittyengine\temp\engine\release - hybrid\raycasthandler.obj
c:\users\olle.karlsonreuterc\olle\spelprojekt\p8\kittyengine\temp\engine\release - hybrid\vfxcomponent.obj
c:\users\olle.karlsonreuterc\olle\spelprojekt\p8\kittyengine\temp\engine\release - hybrid\lemeowfile.obj
c:\users\olle.karlsonreuterc\olle\spelprojekt\p8\kittyengine\temp\engine\release - hybrid\particleemitter.obj
c:\users\olle.karlsonreuterc\olle\spelprojekt\p8\kittyengine\temp\engine\release - hybrid\shaderloader.obj
c:\users\olle.karlsonreuterc\olle\spelprojekt\p8\kittyengine\temp\engine\release - hybrid\script.obj
c:\users\olle.karlsonreuterc\olle\spelprojekt\p8\kittyengine\temp\engine\release - hybrid\audioplayer.obj
c:\users\olle.karlsonreuterc\olle\spelprojekt\p8\kittyengine\temp\engine\release - hybrid\scenetransitioncomponent.obj
c:\users\olle.karlsonreuterc\olle\spelprojekt\p8\kittyengine\temp\engine\release - hybrid\assetloader.obj
c:\users\olle.karlsonreuterc\olle\spelprojekt\p8\kittyengine\temp\engine\release - hybrid\instancedrenderer.obj
c:\users\olle.karlsonreuterc\olle\spelprojekt\p8\kittyengine\temp\engine\release - hybrid\inputhandler.obj
c:\users\olle.karlsonreuterc\olle\spelprojekt\p8\kittyengine\temp\engine\release - hybrid\node.obj
c:\users\olle.karlsonreuterc\olle\spelprojekt\p8\kittyengine\temp\engine\release - hybrid\nodedatabase.obj
c:\users\olle.karlsonreuterc\olle\spelprojekt\p8\kittyengine\temp\engine\release - hybrid\xaudio2helpers.obj
c:\users\olle.karlsonreuterc\olle\spelprojekt\p8\kittyengine\temp\engine\release - hybrid\collisionhandler.obj
c:\users\olle.karlsonreuterc\olle\spelprojekt\p8\kittyengine\temp\engine\release - hybrid\lightcomponent.obj
c:\users\olle.karlsonreuterc\olle\spelprojekt\p8\kittyengine\temp\engine\release - hybrid\debugline.obj
c:\users\olle.karlsonreuterc\olle\spelprojekt\p8\kittyengine\temp\engine\release - hybrid\deferredrendertarget.obj
c:\users\olle.karlsonreuterc\olle\spelprojekt\p8\kittyengine\temp\engine\release - hybrid\fullscreenasset.obj
c:\users\olle.karlsonreuterc\olle\spelprojekt\p8\kittyengine\temp\engine\release - hybrid\decalrenderer.obj
c:\users\olle.karlsonreuterc\olle\spelprojekt\p8\kittyengine\temp\engine\release - hybrid\skybox.obj
c:\users\olle.karlsonreuterc\olle\spelprojekt\p8\kittyengine\temp\engine\release - hybrid\text.obj
c:\users\olle.karlsonreuterc\olle\spelprojekt\p8\kittyengine\temp\engine\release - hybrid\scriptmanager.obj
c:\users\olle.karlsonreuterc\olle\spelprojekt\p8\kittyengine\temp\engine\release - hybrid\behaviourtree.obj
c:\users\olle.karlsonreuterc\olle\spelprojekt\p8\kittyengine\temp\engine\release - hybrid\boxcollidercomponent.obj
c:\users\olle.karlsonreuterc\olle\spelprojekt\p8\kittyengine\temp\engine\release - hybrid\modelcomponent.obj
c:\users\olle.karlsonreuterc\olle\spelprojekt\p8\kittyengine\temp\engine\release - hybrid\animationplayer.obj
c:\users\olle.karlsonreuterc\olle\spelprojekt\p8\kittyengine\temp\engine\release - hybrid\deferredlightmanager.obj
c:\users\olle.karlsonreuterc\olle\spelprojekt\p8\kittyengine\temp\engine\release - hybrid\skeletalrenderer.obj
c:\users\olle.karlsonreuterc\olle\spelprojekt\p8\kittyengine\temp\engine\release - hybrid\texture.obj
c:\users\olle.karlsonreuterc\olle\spelprojekt\p8\kittyengine\temp\engine\release - hybrid\textureloader.obj
c:\users\olle.karlsonreuterc\olle\spelprojekt\p8\kittyengine\temp\engine\release - hybrid\guihandler.obj
c:\users\olle.karlsonreuterc\olle\spelprojekt\p8\kittyengine\temp\engine\release - hybrid\audiowrapper.obj
c:\users\olle.karlsonreuterc\olle\spelprojekt\p8\kittyengine\temp\engine\release - hybrid\physicscharactercontroller.obj
c:\users\olle.karlsonreuterc\olle\spelprojekt\p8\kittyengine\temp\engine\release - hybrid\camera.obj
c:\users\olle.karlsonreuterc\olle\spelprojekt\p8\kittyengine\temp\engine\release - hybrid\cameramanager.obj
c:\users\olle.karlsonreuterc\olle\spelprojekt\p8\kittyengine\temp\engine\release - hybrid\decalmanager.obj
c:\users\olle.karlsonreuterc\olle\spelprojekt\p8\kittyengine\temp\engine\release - hybrid\postprocessing.obj
c:\users\olle.karlsonreuterc\olle\spelprojekt\p8\kittyengine\temp\engine\release - hybrid\ssao.obj
c:\users\olle.karlsonreuterc\olle\spelprojekt\p8\kittyengine\temp\engine\release - hybrid\prefabhandler.obj
c:\users\olle.karlsonreuterc\olle\spelprojekt\p8\kittyengine\temp\engine\release - hybrid\scriptexecution.obj
c:\users\olle.karlsonreuterc\olle\spelprojekt\p8\kittyengine\temp\engine\release - hybrid\pathfinder.obj
c:\users\olle.karlsonreuterc\olle\spelprojekt\p8\kittyengine\temp\engine\release - hybrid\testcomponent.obj
c:\users\olle.karlsonreuterc\olle\spelprojekt\p8\kittyengine\temp\engine\release - hybrid\gameobjectmanager.obj
c:\users\olle.karlsonreuterc\olle\spelprojekt\p8\kittyengine\temp\engine\release - hybrid\deferredpointlight.obj
c:\users\olle.karlsonreuterc\olle\spelprojekt\p8\kittyengine\temp\engine\release - hybrid\rendertarget.obj
c:\users\olle.karlsonreuterc\olle\spelprojekt\p8\kittyengine\temp\engine\release - hybrid\shelltexturedrenderer.obj
c:\users\olle.karlsonreuterc\olle\spelprojekt\p8\kittyengine\temp\engine\release - hybrid\gamepad.obj
c:\users\olle.karlsonreuterc\olle\spelprojekt\p8\kittyengine\temp\engine\release - hybrid\inputwrapper.obj
c:\users\olle.karlsonreuterc\olle\spelprojekt\p8\kittyengine\temp\engine\release - hybrid\scenemanager.obj
c:\users\olle.karlsonreuterc\olle\spelprojekt\p8\kittyengine\temp\engine\release - hybrid\globalaudio.obj
c:\users\olle.karlsonreuterc\olle\spelprojekt\p8\kittyengine\temp\engine\release - hybrid\component.obj
c:\users\olle.karlsonreuterc\olle\spelprojekt\p8\kittyengine\temp\engine\release - hybrid\decalcomponent.obj
c:\users\olle.karlsonreuterc\olle\spelprojekt\p8\kittyengine\temp\engine\release - hybrid\gameobject.obj
c:\users\olle.karlsonreuterc\olle\spelprojekt\p8\kittyengine\temp\engine\release - hybrid\guifile.obj
c:\users\olle.karlsonreuterc\olle\spelprojekt\p8\kittyengine\temp\engine\release - hybrid\userinput.obj
c:\users\olle.karlsonreuterc\olle\spelprojekt\p8\kittyengine\temp\engine\release - hybrid\codenode.obj
c:\users\olle.karlsonreuterc\olle\spelprojekt\p8\kittyengine\temp\engine\release - hybrid\filewatcher.obj
c:\users\olle.karlsonreuterc\olle\spelprojekt\p8\kittyengine\temp\engine\release - hybrid\randomizer.obj
c:\users\olle.karlsonreuterc\olle\spelprojekt\p8\kittyengine\temp\engine\release - hybrid\stringutils.obj
c:\users\olle.karlsonreuterc\olle\spelprojekt\p8\kittyengine\temp\engine\release - hybrid\timer.obj
c:\users\olle.karlsonreuterc\olle\spelprojekt\p8\kittyengine\temp\engine\release - hybrid\buildmanager.obj
c:\users\olle.karlsonreuterc\olle\spelprojekt\p8\kittyengine\temp\engine\release - hybrid\kittymesh.obj
c:\users\olle.karlsonreuterc\olle\spelprojekt\p8\kittyengine\temp\engine\release - hybrid\distancefog.obj
c:\users\olle.karlsonreuterc\olle\spelprojekt\p8\kittyengine\temp\engine\release - hybrid\cubeprimitive.obj
c:\users\olle.karlsonreuterc\olle\spelprojekt\p8\kittyengine\temp\engine\release - hybrid\renderlayer.obj
c:\users\olle.karlsonreuterc\olle\spelprojekt\p8\kittyengine\temp\engine\release - hybrid\shader.obj
c:\users\olle.karlsonreuterc\olle\spelprojekt\p8\kittyengine\temp\engine\release - hybrid\spritemanager.obj
c:\users\olle.karlsonreuterc\olle\spelprojekt\p8\kittyengine\temp\engine\release - hybrid\reflection.obj
c:\users\olle.karlsonreuterc\olle\spelprojekt\p8\kittyengine\temp\engine\release - hybrid\scene.obj
c:\users\olle.karlsonreuterc\olle\spelprojekt\p8\kittyengine\temp\engine\release - hybrid\guibox.obj
c:\users\olle.karlsonreuterc\olle\spelprojekt\p8\kittyengine\temp\engine\release - hybrid\guielement.obj
c:\users\olle.karlsonreuterc\olle\spelprojekt\p8\kittyengine\temp\engine\release - hybrid\guiscene.obj
c:\users\olle.karlsonreuterc\olle\spelprojekt\p8\kittyengine\temp\engine\release - hybrid\minimap.obj
c:\users\olle.karlsonreuterc\olle\spelprojekt\p8\kittyengine\temp\engine\release - hybrid\binaryio.obj
c:\users\olle.karlsonreuterc\olle\spelprojekt\p8\kittyengine\temp\engine\release - hybrid\debugtimelogger.obj
c:\users\olle.karlsonreuterc\olle\spelprojekt\p8\kittyengine\temp\engine\release - hybrid\navmesh.obj
c:\users\olle.karlsonreuterc\olle\spelprojekt\p8\kittyengine\temp\engine\release - hybrid\scriptcomponent.obj
c:\users\olle.karlsonreuterc\olle\spelprojekt\p8\kittyengine\temp\engine\release - hybrid\lightmanager.obj
c:\users\olle.karlsonreuterc\olle\spelprojekt\p8\kittyengine\temp\engine\release - hybrid\capsuleprimitive.obj
c:\users\olle.karlsonreuterc\olle\spelprojekt\p8\kittyengine\temp\engine\release - hybrid\sphereprimitive.obj
c:\users\olle.karlsonreuterc\olle\spelprojekt\p8\kittyengine\temp\engine\release - hybrid\basicrenderer.obj
c:\users\olle.karlsonreuterc\olle\spelprojekt\p8\kittyengine\temp\engine\release - hybrid\splashscreen.obj
c:\users\olle.karlsonreuterc\olle\spelprojekt\p8\kittyengine\temp\engine\release - hybrid\navmeshbuilder.obj
c:\users\olle.karlsonreuterc\olle\spelprojekt\p8\kittyengine\temp\engine\release - hybrid\hlsldefiner.obj
c:\users\olle.karlsonreuterc\olle\spelprojekt\p8\kittyengine\temp\engine\release - hybrid\guitooltip.obj
c:\users\olle.karlsonreuterc\olle\spelprojekt\p8\kittyengine\bin\shaders\ssao_cs.cso
c:\users\olle.karlsonreuterc\olle\spelprojekt\p8\kittyengine\bin\shaders\debugline_behind_ps.cso
c:\users\olle.karlsonreuterc\olle\spelprojekt\p8\kittyengine\bin\shaders\debugline_ps.cso
c:\users\olle.karlsonreuterc\olle\spelprojekt\p8\kittyengine\bin\shaders\debugline_vs.cso
c:\users\olle.karlsonreuterc\olle\spelprojekt\p8\kittyengine\bin\shaders\fullscreendebugline_vs.cso
c:\users\olle.karlsonreuterc\olle\spelprojekt\p8\kittyengine\bin\shaders\outlinerenderer_ps.cso
c:\users\olle.karlsonreuterc\olle\spelprojekt\p8\kittyengine\bin\shaders\outlinerenderer_vs.cso
c:\users\olle.karlsonreuterc\olle\spelprojekt\p8\kittyengine\bin\shaders\bloompreprocess_ps.cso
c:\users\olle.karlsonreuterc\olle\spelprojekt\p8\kittyengine\bin\shaders\blurfullscreen_ps.cso
c:\users\olle.karlsonreuterc\olle\spelprojekt\p8\kittyengine\bin\shaders\downsample_ps.cso
c:\users\olle.karlsonreuterc\olle\spelprojekt\p8\kittyengine\bin\shaders\fullscreenasset_ps.cso
c:\users\olle.karlsonreuterc\olle\spelprojekt\p8\kittyengine\bin\shaders\fullscreenasset_vs.cso
c:\users\olle.karlsonreuterc\olle\spelprojekt\p8\kittyengine\bin\shaders\gaussian_ps.cso
c:\users\olle.karlsonreuterc\olle\spelprojekt\p8\kittyengine\bin\shaders\postprocessing_ps.cso
c:\users\olle.karlsonreuterc\olle\spelprojekt\p8\kittyengine\bin\shaders\postprocessing_vs.cso
c:\users\olle.karlsonreuterc\olle\spelprojekt\p8\kittyengine\bin\shaders\ssao_ps.cso
c:\users\olle.karlsonreuterc\olle\spelprojekt\p8\kittyengine\bin\shaders\ssao_vs.cso
c:\users\olle.karlsonreuterc\olle\spelprojekt\p8\kittyengine\bin\shaders\updownsample_vs.cso
c:\users\olle.karlsonreuterc\olle\spelprojekt\p8\kittyengine\bin\shaders\upsample_ps.cso
c:\users\olle.karlsonreuterc\olle\spelprojekt\p8\kittyengine\bin\shaders\deferreddirectionallight_ps.cso
c:\users\olle.karlsonreuterc\olle\spelprojekt\p8\kittyengine\bin\shaders\deferredlight_vs.cso
c:\users\olle.karlsonreuterc\olle\spelprojekt\p8\kittyengine\bin\shaders\deferredpointlight_ps.cso
c:\users\olle.karlsonreuterc\olle\spelprojekt\p8\kittyengine\bin\shaders\deferredspotlight_ps.cso
c:\users\olle.karlsonreuterc\olle\spelprojekt\p8\kittyengine\bin\shaders\model_deferred_instanced_vs.cso
c:\users\olle.karlsonreuterc\olle\spelprojekt\p8\kittyengine\bin\shaders\model_deferred_ps.cso
c:\users\olle.karlsonreuterc\olle\spelprojekt\p8\kittyengine\bin\shaders\model_deferred_skeletal_vs.cso
c:\users\olle.karlsonreuterc\olle\spelprojekt\p8\kittyengine\bin\shaders\model_deferred_vs.cso
c:\users\olle.karlsonreuterc\olle\spelprojekt\p8\kittyengine\bin\shaders\model_pbr_ps.cso
c:\users\olle.karlsonreuterc\olle\spelprojekt\p8\kittyengine\bin\shaders\model_pbr_vs.cso
c:\users\olle.karlsonreuterc\olle\spelprojekt\p8\kittyengine\bin\shaders\model_shadow_ps.cso
c:\users\olle.karlsonreuterc\olle\spelprojekt\p8\kittyengine\bin\shaders\model_tooltip_ps.cso
c:\users\olle.karlsonreuterc\olle\spelprojekt\p8\kittyengine\bin\shaders\model_tooltip_vs.cso
c:\users\olle.karlsonreuterc\olle\spelprojekt\p8\kittyengine\bin\shaders\model_vfx_ps.cso
c:\users\olle.karlsonreuterc\olle\spelprojekt\p8\kittyengine\bin\shaders\model_vfx_vs.cso
c:\users\olle.karlsonreuterc\olle\spelprojekt\p8\kittyengine\bin\shaders\model_whiteout_ps.cso
c:\users\olle.karlsonreuterc\olle\spelprojekt\p8\kittyengine\bin\shaders\cubemapprojection_ps.cso
c:\users\olle.karlsonreuterc\olle\spelprojekt\p8\kittyengine\bin\shaders\decal_deferred_ps.cso
c:\users\olle.karlsonreuterc\olle\spelprojekt\p8\kittyengine\bin\shaders\decal_deferred_vs.cso
c:\users\olle.karlsonreuterc\olle\spelprojekt\p8\kittyengine\bin\shaders\deferredshelltexturing_ps.cso
c:\users\olle.karlsonreuterc\olle\spelprojekt\p8\kittyengine\bin\shaders\displacementfade_ps.cso
c:\users\olle.karlsonreuterc\olle\spelprojekt\p8\kittyengine\bin\shaders\displacement_ps.cso
c:\users\olle.karlsonreuterc\olle\spelprojekt\p8\kittyengine\bin\shaders\distancefog_ps.cso
c:\users\olle.karlsonreuterc\olle\spelprojekt\p8\kittyengine\bin\shaders\modelviewer_ground_ps.cso
c:\users\olle.karlsonreuterc\olle\spelprojekt\p8\kittyengine\bin\shaders\renderlayercompositor_ps.cso
c:\users\olle.karlsonreuterc\olle\spelprojekt\p8\kittyengine\bin\shaders\sdfrendering_ps.cso
c:\users\olle.karlsonreuterc\olle\spelprojekt\p8\kittyengine\bin\shaders\shelltexturing_ps.cso
c:\users\olle.karlsonreuterc\olle\spelprojekt\p8\kittyengine\bin\shaders\shelltexturing_vs.cso
c:\users\olle.karlsonreuterc\olle\spelprojekt\p8\kittyengine\bin\shaders\skybox_ps.cso
c:\users\olle.karlsonreuterc\olle\spelprojekt\p8\kittyengine\bin\shaders\skybox_preview_ps.cso
c:\users\olle.karlsonreuterc\olle\spelprojekt\p8\kittyengine\bin\shaders\skybox_vs.cso
c:\users\olle.karlsonreuterc\olle\spelprojekt\p8\kittyengine\bin\shaders\sprite_ps.cso
c:\users\olle.karlsonreuterc\olle\spelprojekt\p8\kittyengine\bin\shaders\sprite_vs.cso
c:\users\olle.karlsonreuterc\olle\spelprojekt\p8\kittyengine\bin\shaders\trap_preview_vfx_ps.cso
c:\users\olle.karlsonreuterc\olle\spelprojekt\p8\kittyengine\bin\shaders\water_ps.cso
c:\users\olle.karlsonreuterc\olle\spelprojekt\p8\kittyengine\bin\shaders\water_vs.cso
c:\users\olle.karlsonreuterc\olle\spelprojekt\p8\kittyengine\bin\shaders\bloompreprocess_vfx_ps.cso
c:\users\olle.karlsonreuterc\olle\spelprojekt\p8\kittyengine\bin\shaders\downsample_vfx_ps.cso
c:\users\olle.karlsonreuterc\olle\spelprojekt\p8\kittyengine\bin\shaders\fullscreenasset_vfx_ps.cso
c:\users\olle.karlsonreuterc\olle\spelprojekt\p8\kittyengine\bin\shaders\fullscreenasset_vfx_vs.cso
c:\users\olle.karlsonreuterc\olle\spelprojekt\p8\kittyengine\bin\shaders\gaussian_vfx_ps.cso
c:\users\olle.karlsonreuterc\olle\spelprojekt\p8\kittyengine\bin\shaders\particle_ps.cso
c:\users\olle.karlsonreuterc\olle\spelprojekt\p8\kittyengine\bin\shaders\postprocessing_vfx_ps.cso
c:\users\olle.karlsonreuterc\olle\spelprojekt\p8\kittyengine\bin\shaders\postprocessing_vfx_vs.cso
c:\users\olle.karlsonreuterc\olle\spelprojekt\p8\kittyengine\bin\shaders\updownsample_vfx_vs.cso
c:\users\olle.karlsonreuterc\olle\spelprojekt\p8\kittyengine\bin\shaders\upsample_vfx_ps.cso
c:\users\olle.karlsonreuterc\olle\spelprojekt\p8\kittyengine\temp\intermediatelib\kittyengine_release - hybrid.lib
c:\users\olle.karlsonreuterc\olle\spelprojekt\p8\kittyengine\temp\engine\release - hybrid\engine.tlog\cl.command.1.tlog
c:\users\olle.karlsonreuterc\olle\spelprojekt\p8\kittyengine\temp\engine\release - hybrid\engine.tlog\cl.items.tlog
c:\users\olle.karlsonreuterc\olle\spelprojekt\p8\kittyengine\temp\engine\release - hybrid\engine.tlog\cl.read.1.tlog
c:\users\olle.karlsonreuterc\olle\spelprojekt\p8\kittyengine\temp\engine\release - hybrid\engine.tlog\cl.write.1.tlog
c:\users\olle.karlsonreuterc\olle\spelprojekt\p8\kittyengine\temp\engine\release - hybrid\engine.tlog\fxc.command.1.tlog
c:\users\olle.karlsonreuterc\olle\spelprojekt\p8\kittyengine\temp\engine\release - hybrid\engine.tlog\fxc.read.1.tlog
c:\users\olle.karlsonreuterc\olle\spelprojekt\p8\kittyengine\temp\engine\release - hybrid\engine.tlog\fxc.write.1.tlog
c:\users\olle.karlsonreuterc\olle\spelprojekt\p8\kittyengine\temp\engine\release - hybrid\engine.tlog\lib-link.read.1.tlog
c:\users\olle.karlsonreuterc\olle\spelprojekt\p8\kittyengine\temp\engine\release - hybrid\engine.tlog\lib-link.write.1.tlog
c:\users\olle.karlsonreuterc\olle\spelprojekt\p8\kittyengine\temp\engine\release - hybrid\engine.tlog\lib.command.1.tlog
