c:\users\olle.karlsonreuterc\olle\spelprojekt\p8\kittyengine\temp\editor\debug - moggie\editorgraphics.obj
c:\users\olle.karlsonreuterc\olle\spelprojekt\p8\kittyengine\temp\editor\debug - moggie\selectedobject.obj
c:\users\olle.karlsonreuterc\olle\spelprojekt\p8\kittyengine\temp\editor\debug - moggie\lambdawindow.obj
c:\users\olle.karlsonreuterc\olle\spelprojekt\p8\kittyengine\temp\editor\debug - moggie\console.obj
c:\users\olle.karlsonreuterc\olle\spelprojekt\p8\kittyengine\temp\editor\debug - moggie\nodeeditor.obj
c:\users\olle.karlsonreuterc\olle\spelprojekt\p8\kittyengine\temp\editor\debug - moggie\gameruleeditor.obj
c:\users\olle.karlsonreuterc\olle\spelprojekt\p8\kittyengine\temp\editor\debug - moggie\assetbrowser.obj
c:\users\olle.karlsonreuterc\olle\spelprojekt\p8\kittyengine\temp\editor\debug - moggie\editor.obj
c:\users\olle.karlsonreuterc\olle\spelprojekt\p8\kittyengine\temp\editor\debug - moggie\guieditor.obj
c:\users\olle.karlsonreuterc\olle\spelprojekt\p8\kittyengine\temp\editor\debug - moggie\imguihandler.obj
c:\users\olle.karlsonreuterc\olle\spelprojekt\p8\kittyengine\temp\editor\debug - moggie\gameobjectlist.obj
c:\users\olle.karlsonreuterc\olle\spelprojekt\p8\kittyengine\temp\editor\debug - moggie\editsounds.obj
c:\users\olle.karlsonreuterc\olle\spelprojekt\p8\kittyengine\temp\editor\debug - moggie\datamaterialmaker.obj
c:\users\olle.karlsonreuterc\olle\spelprojekt\p8\kittyengine\temp\editor\debug - moggie\window.obj
c:\users\olle.karlsonreuterc\olle\spelprojekt\p8\kittyengine\temp\editor\debug - moggie\meowfile.obj
c:\users\olle.karlsonreuterc\olle\spelprojekt\p8\kittyengine\temp\editor\debug - moggie\deferredview.obj
c:\users\olle.karlsonreuterc\olle\spelprojekt\p8\kittyengine\temp\editor\debug - moggie\modelviewer.obj
c:\users\olle.karlsonreuterc\olle\spelprojekt\p8\kittyengine\temp\editor\debug - moggie\editorfile.obj
c:\users\olle.karlsonreuterc\olle\spelprojekt\p8\kittyengine\temp\editor\debug - moggie\viewport.obj
c:\users\olle.karlsonreuterc\olle\spelprojekt\p8\kittyengine\temp\editor\debug - moggie\kittyeditor_debug - moggie.pch
c:\users\olle.karlsonreuterc\olle\spelprojekt\p8\kittyengine\temp\intermediatelib\kittyeditor_debug - moggie.pdb
c:\users\olle.karlsonreuterc\olle\spelprojekt\p8\kittyengine\temp\intermediatelib\kittyeditor_debug - moggie.idb
c:\users\olle.karlsonreuterc\olle\spelprojekt\p8\kittyengine\temp\editor\debug - moggie\stdafx.obj
c:\users\olle.karlsonreuterc\olle\spelprojekt\p8\kittyengine\temp\editor\debug - moggie\editorinspection.obj
c:\users\olle.karlsonreuterc\olle\spelprojekt\p8\kittyengine\temp\editor\debug - moggie\nodeeditoraction.obj
c:\users\olle.karlsonreuterc\olle\spelprojekt\p8\kittyengine\temp\editor\debug - moggie\componentinspector.obj
c:\users\olle.karlsonreuterc\olle\spelprojekt\p8\kittyengine\temp\intermediatelib\kittyeditor_debug - moggie.lib
c:\users\olle.karlsonreuterc\olle\spelprojekt\p8\kittyengine\temp\editor\debug - moggie\editor.tlog\cl.command.1.tlog
c:\users\olle.karlsonreuterc\olle\spelprojekt\p8\kittyengine\temp\editor\debug - moggie\editor.tlog\cl.items.tlog
c:\users\olle.karlsonreuterc\olle\spelprojekt\p8\kittyengine\temp\editor\debug - moggie\editor.tlog\cl.read.1.tlog
c:\users\olle.karlsonreuterc\olle\spelprojekt\p8\kittyengine\temp\editor\debug - moggie\editor.tlog\cl.write.1.tlog
c:\users\olle.karlsonreuterc\olle\spelprojekt\p8\kittyengine\temp\editor\debug - moggie\editor.tlog\lib-link.read.1.tlog
c:\users\olle.karlsonreuterc\olle\spelprojekt\p8\kittyengine\temp\editor\debug - moggie\editor.tlog\lib-link.write.1.tlog
c:\users\olle.karlsonreuterc\olle\spelprojekt\p8\kittyengine\temp\editor\debug - moggie\editor.tlog\lib.command.1.tlog
