c:\users\olle.karlsonreuterc\olle\spelprojekt\p8\kittyengine\temp\engine\ship - purebreed\scenemanager.obj
c:\users\olle.karlsonreuterc\olle\spelprojekt\p8\kittyengine\temp\engine\ship - purebreed\physicscharactercontroller.obj
c:\users\olle.karlsonreuterc\olle\spelprojekt\p8\kittyengine\temp\engine\ship - purebreed\levelimporter.obj
c:\users\olle.karlsonreuterc\olle\spelprojekt\p8\kittyengine\temp\engine\ship - purebreed\graphics.obj
c:\users\olle.karlsonreuterc\olle\spelprojekt\p8\kittyengine\temp\engine\ship - purebreed\buildmanager.obj
c:\users\olle.karlsonreuterc\olle\spelprojekt\p8\kittyengine\temp\engine\ship - purebreed\shelltexturingcomponent.obj
c:\users\olle.karlsonreuterc\olle\spelprojekt\p8\kittyengine\temp\engine\ship - purebreed\randomizer.obj
c:\users\olle.karlsonreuterc\olle\spelprojekt\p8\kittyengine\temp\engine\ship - purebreed\kittyengine_ship - purebreed.pch
c:\users\olle.karlsonreuterc\olle\spelprojekt\p8\kittyengine\temp\intermediatelib\kittyengine_ship - purebreed.pdb
c:\users\olle.karlsonreuterc\olle\spelprojekt\p8\kittyengine\temp\engine\ship - purebreed\stdafx.obj
c:\users\olle.karlsonreuterc\olle\spelprojekt\p8\kittyengine\temp\engine\ship - purebreed\collider.obj
c:\users\olle.karlsonreuterc\olle\spelprojekt\p8\kittyengine\temp\engine\ship - purebreed\spherecollidercomponent.obj
c:\users\olle.karlsonreuterc\olle\spelprojekt\p8\kittyengine\temp\engine\ship - purebreed\postprocessingcomponent.obj
c:\users\olle.karlsonreuterc\olle\spelprojekt\p8\kittyengine\temp\engine\ship - purebreed\lightcomponent.obj
c:\users\olle.karlsonreuterc\olle\spelprojekt\p8\kittyengine\temp\engine\ship - purebreed\camera.obj
c:\users\olle.karlsonreuterc\olle\spelprojekt\p8\kittyengine\temp\engine\ship - purebreed\cameramanager.obj
c:\users\olle.karlsonreuterc\olle\spelprojekt\p8\kittyengine\temp\engine\ship - purebreed\debugline.obj
c:\users\olle.karlsonreuterc\olle\spelprojekt\p8\kittyengine\temp\engine\ship - purebreed\distancefog.obj
c:\users\olle.karlsonreuterc\olle\spelprojekt\p8\kittyengine\temp\engine\ship - purebreed\cubeprimitive.obj
c:\users\olle.karlsonreuterc\olle\spelprojekt\p8\kittyengine\temp\engine\ship - purebreed\sphereprimitive.obj
c:\users\olle.karlsonreuterc\olle\spelprojekt\p8\kittyengine\temp\engine\ship - purebreed\basicrenderer.obj
c:\users\olle.karlsonreuterc\olle\spelprojekt\p8\kittyengine\temp\engine\ship - purebreed\shaderloader.obj
c:\users\olle.karlsonreuterc\olle\spelprojekt\p8\kittyengine\temp\engine\ship - purebreed\script.obj
c:\users\olle.karlsonreuterc\olle\spelprojekt\p8\kittyengine\temp\engine\ship - purebreed\xaudio2helpers.obj
c:\users\olle.karlsonreuterc\olle\spelprojekt\p8\kittyengine\temp\engine\ship - purebreed\decalmanager.obj
c:\users\olle.karlsonreuterc\olle\spelprojekt\p8\kittyengine\temp\engine\ship - purebreed\capsuleprimitive.obj
c:\users\olle.karlsonreuterc\olle\spelprojekt\p8\kittyengine\temp\engine\ship - purebreed\renderlayer.obj
c:\users\olle.karlsonreuterc\olle\spelprojekt\p8\kittyengine\temp\engine\ship - purebreed\ssao.obj
c:\users\olle.karlsonreuterc\olle\spelprojekt\p8\kittyengine\temp\engine\ship - purebreed\navmeshbuilder.obj
c:\users\olle.karlsonreuterc\olle\spelprojekt\p8\kittyengine\temp\engine\ship - purebreed\languagedata.obj
c:\users\olle.karlsonreuterc\olle\spelprojekt\p8\kittyengine\temp\engine\ship - purebreed\audiowrapper.obj
c:\users\olle.karlsonreuterc\olle\spelprojekt\p8\kittyengine\temp\engine\ship - purebreed\raycasthandler.obj
c:\users\olle.karlsonreuterc\olle\spelprojekt\p8\kittyengine\temp\engine\ship - purebreed\skeletalmodelcomponent.obj
c:\users\olle.karlsonreuterc\olle\spelprojekt\p8\kittyengine\temp\engine\ship - purebreed\cbuffer.obj
c:\users\olle.karlsonreuterc\olle\spelprojekt\p8\kittyengine\temp\engine\ship - purebreed\debugrenderer.obj
c:\users\olle.karlsonreuterc\olle\spelprojekt\p8\kittyengine\temp\engine\ship - purebreed\particleemitter.obj
c:\users\olle.karlsonreuterc\olle\spelprojekt\p8\kittyengine\temp\engine\ship - purebreed\vfxrenderer.obj
c:\users\olle.karlsonreuterc\olle\spelprojekt\p8\kittyengine\temp\engine\ship - purebreed\behaviourtreebuilder.obj
c:\users\olle.karlsonreuterc\olle\spelprojekt\p8\kittyengine\temp\engine\ship - purebreed\gameobject.obj
c:\users\olle.karlsonreuterc\olle\spelprojekt\p8\kittyengine\temp\engine\ship - purebreed\kittymesh.obj
c:\users\olle.karlsonreuterc\olle\spelprojekt\p8\kittyengine\temp\engine\ship - purebreed\deferredrendertarget.obj
c:\users\olle.karlsonreuterc\olle\spelprojekt\p8\kittyengine\temp\engine\ship - purebreed\fullscreenasset.obj
c:\users\olle.karlsonreuterc\olle\spelprojekt\p8\kittyengine\temp\engine\ship - purebreed\decalrenderer.obj
c:\users\olle.karlsonreuterc\olle\spelprojekt\p8\kittyengine\temp\engine\ship - purebreed\skybox.obj
c:\users\olle.karlsonreuterc\olle\spelprojekt\p8\kittyengine\temp\engine\ship - purebreed\gamepad.obj
c:\users\olle.karlsonreuterc\olle\spelprojekt\p8\kittyengine\temp\engine\ship - purebreed\inputwrapper.obj
c:\users\olle.karlsonreuterc\olle\spelprojekt\p8\kittyengine\temp\engine\ship - purebreed\codenode.obj
c:\users\olle.karlsonreuterc\olle\spelprojekt\p8\kittyengine\temp\engine\ship - purebreed\filewatcher.obj
c:\users\olle.karlsonreuterc\olle\spelprojekt\p8\kittyengine\temp\engine\ship - purebreed\stringutils.obj
c:\users\olle.karlsonreuterc\olle\spelprojekt\p8\kittyengine\temp\engine\ship - purebreed\timer.obj
c:\users\olle.karlsonreuterc\olle\spelprojekt\p8\kittyengine\temp\engine\ship - purebreed\pathfinder.obj
c:\users\olle.karlsonreuterc\olle\spelprojekt\p8\kittyengine\temp\engine\ship - purebreed\lemeowfile.obj
c:\users\olle.karlsonreuterc\olle\spelprojekt\p8\kittyengine\temp\engine\ship - purebreed\deferredpointlight.obj
c:\users\olle.karlsonreuterc\olle\spelprojekt\p8\kittyengine\temp\engine\ship - purebreed\rendertarget.obj
c:\users\olle.karlsonreuterc\olle\spelprojekt\p8\kittyengine\temp\engine\ship - purebreed\instancedrenderer.obj
c:\users\olle.karlsonreuterc\olle\spelprojekt\p8\kittyengine\temp\engine\ship - purebreed\userinput.obj
c:\users\olle.karlsonreuterc\olle\spelprojekt\p8\kittyengine\temp\engine\ship - purebreed\reflection.obj
c:\users\olle.karlsonreuterc\olle\spelprojekt\p8\kittyengine\temp\engine\ship - purebreed\scene.obj
c:\users\olle.karlsonreuterc\olle\spelprojekt\p8\kittyengine\temp\engine\ship - purebreed\scriptexecution.obj
c:\users\olle.karlsonreuterc\olle\spelprojekt\p8\kittyengine\temp\engine\ship - purebreed\navgrid.obj
c:\users\olle.karlsonreuterc\olle\spelprojekt\p8\kittyengine\temp\engine\ship - purebreed\attachcomponent.obj
c:\users\olle.karlsonreuterc\olle\spelprojekt\p8\kittyengine\temp\engine\ship - purebreed\capsulecollidercomponent.obj
c:\users\olle.karlsonreuterc\olle\spelprojekt\p8\kittyengine\temp\engine\ship - purebreed\modelcomponent.obj
c:\users\olle.karlsonreuterc\olle\spelprojekt\p8\kittyengine\temp\engine\ship - purebreed\assetloader.obj
c:\users\olle.karlsonreuterc\olle\spelprojekt\p8\kittyengine\temp\engine\ship - purebreed\shelltexturedrenderer.obj
c:\users\olle.karlsonreuterc\olle\spelprojekt\p8\kittyengine\temp\engine\ship - purebreed\inputhandler.obj
c:\users\olle.karlsonreuterc\olle\spelprojekt\p8\kittyengine\temp\engine\ship - purebreed\codescriptparser.obj
c:\users\olle.karlsonreuterc\olle\spelprojekt\p8\kittyengine\temp\engine\ship - purebreed\window.obj
c:\users\olle.karlsonreuterc\olle\spelprojekt\p8\kittyengine\temp\engine\ship - purebreed\gameobjectmanager.obj
c:\users\olle.karlsonreuterc\olle\spelprojekt\p8\kittyengine\temp\engine\ship - purebreed\lightmanager.obj
c:\users\olle.karlsonreuterc\olle\spelprojekt\p8\kittyengine\temp\engine\ship - purebreed\postprocessing.obj
c:\users\olle.karlsonreuterc\olle\spelprojekt\p8\kittyengine\temp\engine\ship - purebreed\splashscreen.obj
c:\users\olle.karlsonreuterc\olle\spelprojekt\p8\kittyengine\temp\engine\ship - purebreed\prefabhandler.obj
c:\users\olle.karlsonreuterc\olle\spelprojekt\p8\kittyengine\temp\engine\ship - purebreed\scriptmanager.obj
c:\users\olle.karlsonreuterc\olle\spelprojekt\p8\kittyengine\temp\engine\ship - purebreed\audioinstance.obj
c:\users\olle.karlsonreuterc\olle\spelprojekt\p8\kittyengine\temp\engine\ship - purebreed\boxcollidercomponent.obj
c:\users\olle.karlsonreuterc\olle\spelprojekt\p8\kittyengine\temp\engine\ship - purebreed\component.obj
c:\users\olle.karlsonreuterc\olle\spelprojekt\p8\kittyengine\temp\engine\ship - purebreed\cameracomponent.obj
c:\users\olle.karlsonreuterc\olle\spelprojekt\p8\kittyengine\temp\engine\ship - purebreed\depthbuffer.obj
c:\users\olle.karlsonreuterc\olle\spelprojekt\p8\kittyengine\temp\engine\ship - purebreed\gbuffer.obj
c:\users\olle.karlsonreuterc\olle\spelprojekt\p8\kittyengine\temp\engine\ship - purebreed\hlsldefiner.obj
c:\users\olle.karlsonreuterc\olle\spelprojekt\p8\kittyengine\temp\engine\ship - purebreed\guibox.obj
c:\users\olle.karlsonreuterc\olle\spelprojekt\p8\kittyengine\temp\engine\ship - purebreed\guielement.obj
c:\users\olle.karlsonreuterc\olle\spelprojekt\p8\kittyengine\temp\engine\ship - purebreed\guitooltip.obj
c:\users\olle.karlsonreuterc\olle\spelprojekt\p8\kittyengine\temp\engine\ship - purebreed\behaviourtree.obj
c:\users\olle.karlsonreuterc\olle\spelprojekt\p8\kittyengine\temp\engine\ship - purebreed\collisionhandler.obj
c:\users\olle.karlsonreuterc\olle\spelprojekt\p8\kittyengine\temp\engine\ship - purebreed\scenetransitioncomponent.obj
c:\users\olle.karlsonreuterc\olle\spelprojekt\p8\kittyengine\temp\engine\ship - purebreed\animationplayer.obj
c:\users\olle.karlsonreuterc\olle\spelprojekt\p8\kittyengine\temp\engine\ship - purebreed\deferredlightmanager.obj
c:\users\olle.karlsonreuterc\olle\spelprojekt\p8\kittyengine\temp\engine\ship - purebreed\skeletalrenderer.obj
c:\users\olle.karlsonreuterc\olle\spelprojekt\p8\kittyengine\temp\engine\ship - purebreed\text.obj
c:\users\olle.karlsonreuterc\olle\spelprojekt\p8\kittyengine\temp\engine\ship - purebreed\guiscene.obj
c:\users\olle.karlsonreuterc\olle\spelprojekt\p8\kittyengine\temp\engine\ship - purebreed\minimap.obj
c:\users\olle.karlsonreuterc\olle\spelprojekt\p8\kittyengine\temp\engine\ship - purebreed\binaryio.obj
c:\users\olle.karlsonreuterc\olle\spelprojekt\p8\kittyengine\temp\engine\ship - purebreed\debugtimelogger.obj
c:\users\olle.karlsonreuterc\olle\spelprojekt\p8\kittyengine\temp\engine\ship - purebreed\globalaudio.obj
c:\users\olle.karlsonreuterc\olle\spelprojekt\p8\kittyengine\temp\engine\ship - purebreed\decalcomponent.obj
c:\users\olle.karlsonreuterc\olle\spelprojekt\p8\kittyengine\temp\engine\ship - purebreed\testcomponent.obj
c:\users\olle.karlsonreuterc\olle\spelprojekt\p8\kittyengine\temp\engine\ship - purebreed\guifile.obj
c:\users\olle.karlsonreuterc\olle\spelprojekt\p8\kittyengine\temp\engine\ship - purebreed\texture.obj
c:\users\olle.karlsonreuterc\olle\spelprojekt\p8\kittyengine\temp\engine\ship - purebreed\textureloader.obj
c:\users\olle.karlsonreuterc\olle\spelprojekt\p8\kittyengine\temp\engine\ship - purebreed\guihandler.obj
c:\users\olle.karlsonreuterc\olle\spelprojekt\p8\kittyengine\temp\engine\ship - purebreed\audioplayer.obj
c:\users\olle.karlsonreuterc\olle\spelprojekt\p8\kittyengine\temp\engine\ship - purebreed\vfxcomponent.obj
c:\users\olle.karlsonreuterc\olle\spelprojekt\p8\kittyengine\temp\engine\ship - purebreed\pawfile.obj
c:\users\olle.karlsonreuterc\olle\spelprojekt\p8\kittyengine\temp\engine\ship - purebreed\vfx.obj
c:\users\olle.karlsonreuterc\olle\spelprojekt\p8\kittyengine\temp\engine\ship - purebreed\node.obj
c:\users\olle.karlsonreuterc\olle\spelprojekt\p8\kittyengine\temp\engine\ship - purebreed\nodedatabase.obj
c:\users\olle.karlsonreuterc\olle\spelprojekt\p8\kittyengine\temp\engine\ship - purebreed\navmesh.obj
c:\users\olle.karlsonreuterc\olle\spelprojekt\p8\kittyengine\temp\engine\ship - purebreed\scriptcomponent.obj
c:\users\olle.karlsonreuterc\olle\spelprojekt\p8\kittyengine\temp\engine\ship - purebreed\modelloader.obj
c:\users\olle.karlsonreuterc\olle\spelprojekt\p8\kittyengine\temp\engine\ship - purebreed\shader.obj
c:\users\olle.karlsonreuterc\olle\spelprojekt\p8\kittyengine\temp\engine\ship - purebreed\spritemanager.obj
c:\users\olle.karlsonreuterc\olle\spelprojekt\p8\kittyengine\bin\shaders\ssao_cs.cso
c:\users\olle.karlsonreuterc\olle\spelprojekt\p8\kittyengine\bin\shaders\debugline_behind_ps.cso
c:\users\olle.karlsonreuterc\olle\spelprojekt\p8\kittyengine\bin\shaders\debugline_ps.cso
c:\users\olle.karlsonreuterc\olle\spelprojekt\p8\kittyengine\bin\shaders\debugline_vs.cso
c:\users\olle.karlsonreuterc\olle\spelprojekt\p8\kittyengine\bin\shaders\fullscreendebugline_vs.cso
c:\users\olle.karlsonreuterc\olle\spelprojekt\p8\kittyengine\bin\shaders\outlinerenderer_ps.cso
c:\users\olle.karlsonreuterc\olle\spelprojekt\p8\kittyengine\bin\shaders\outlinerenderer_vs.cso
c:\users\olle.karlsonreuterc\olle\spelprojekt\p8\kittyengine\bin\shaders\bloompreprocess_ps.cso
c:\users\olle.karlsonreuterc\olle\spelprojekt\p8\kittyengine\bin\shaders\blurfullscreen_ps.cso
c:\users\olle.karlsonreuterc\olle\spelprojekt\p8\kittyengine\bin\shaders\downsample_ps.cso
c:\users\olle.karlsonreuterc\olle\spelprojekt\p8\kittyengine\bin\shaders\fullscreenasset_ps.cso
c:\users\olle.karlsonreuterc\olle\spelprojekt\p8\kittyengine\bin\shaders\fullscreenasset_vs.cso
c:\users\olle.karlsonreuterc\olle\spelprojekt\p8\kittyengine\bin\shaders\gaussian_ps.cso
c:\users\olle.karlsonreuterc\olle\spelprojekt\p8\kittyengine\bin\shaders\postprocessing_ps.cso
c:\users\olle.karlsonreuterc\olle\spelprojekt\p8\kittyengine\bin\shaders\postprocessing_vs.cso
c:\users\olle.karlsonreuterc\olle\spelprojekt\p8\kittyengine\bin\shaders\ssao_ps.cso
c:\users\olle.karlsonreuterc\olle\spelprojekt\p8\kittyengine\bin\shaders\ssao_vs.cso
c:\users\olle.karlsonreuterc\olle\spelprojekt\p8\kittyengine\bin\shaders\updownsample_vs.cso
c:\users\olle.karlsonreuterc\olle\spelprojekt\p8\kittyengine\bin\shaders\upsample_ps.cso
c:\users\olle.karlsonreuterc\olle\spelprojekt\p8\kittyengine\bin\shaders\deferreddirectionallight_ps.cso
c:\users\olle.karlsonreuterc\olle\spelprojekt\p8\kittyengine\bin\shaders\deferredlight_vs.cso
c:\users\olle.karlsonreuterc\olle\spelprojekt\p8\kittyengine\bin\shaders\deferredpointlight_ps.cso
c:\users\olle.karlsonreuterc\olle\spelprojekt\p8\kittyengine\bin\shaders\deferredspotlight_ps.cso
c:\users\olle.karlsonreuterc\olle\spelprojekt\p8\kittyengine\bin\shaders\model_deferred_instanced_vs.cso
c:\users\olle.karlsonreuterc\olle\spelprojekt\p8\kittyengine\bin\shaders\model_deferred_ps.cso
c:\users\olle.karlsonreuterc\olle\spelprojekt\p8\kittyengine\bin\shaders\model_deferred_skeletal_vs.cso
c:\users\olle.karlsonreuterc\olle\spelprojekt\p8\kittyengine\bin\shaders\model_deferred_vs.cso
c:\users\olle.karlsonreuterc\olle\spelprojekt\p8\kittyengine\bin\shaders\model_pbr_ps.cso
c:\users\olle.karlsonreuterc\olle\spelprojekt\p8\kittyengine\bin\shaders\model_pbr_vs.cso
c:\users\olle.karlsonreuterc\olle\spelprojekt\p8\kittyengine\bin\shaders\model_shadow_ps.cso
c:\users\olle.karlsonreuterc\olle\spelprojekt\p8\kittyengine\bin\shaders\model_tooltip_ps.cso
c:\users\olle.karlsonreuterc\olle\spelprojekt\p8\kittyengine\bin\shaders\model_tooltip_vs.cso
c:\users\olle.karlsonreuterc\olle\spelprojekt\p8\kittyengine\bin\shaders\model_vfx_ps.cso
c:\users\olle.karlsonreuterc\olle\spelprojekt\p8\kittyengine\bin\shaders\model_vfx_vs.cso
c:\users\olle.karlsonreuterc\olle\spelprojekt\p8\kittyengine\bin\shaders\model_whiteout_ps.cso
c:\users\olle.karlsonreuterc\olle\spelprojekt\p8\kittyengine\bin\shaders\cubemapprojection_ps.cso
c:\users\olle.karlsonreuterc\olle\spelprojekt\p8\kittyengine\bin\shaders\decal_deferred_ps.cso
c:\users\olle.karlsonreuterc\olle\spelprojekt\p8\kittyengine\bin\shaders\decal_deferred_vs.cso
c:\users\olle.karlsonreuterc\olle\spelprojekt\p8\kittyengine\bin\shaders\displacementfade_ps.cso
c:\users\olle.karlsonreuterc\olle\spelprojekt\p8\kittyengine\bin\shaders\displacement_ps.cso
c:\users\olle.karlsonreuterc\olle\spelprojekt\p8\kittyengine\bin\shaders\distancefog_ps.cso
c:\users\olle.karlsonreuterc\olle\spelprojekt\p8\kittyengine\bin\shaders\modelviewer_ground_ps.cso
c:\users\olle.karlsonreuterc\olle\spelprojekt\p8\kittyengine\bin\shaders\renderlayercompositor_ps.cso
c:\users\olle.karlsonreuterc\olle\spelprojekt\p8\kittyengine\bin\shaders\sdfrendering_ps.cso
c:\users\olle.karlsonreuterc\olle\spelprojekt\p8\kittyengine\bin\shaders\shelltexturing_ps.cso
c:\users\olle.karlsonreuterc\olle\spelprojekt\p8\kittyengine\bin\shaders\shelltexturing_vs.cso
c:\users\olle.karlsonreuterc\olle\spelprojekt\p8\kittyengine\bin\shaders\skybox_ps.cso
c:\users\olle.karlsonreuterc\olle\spelprojekt\p8\kittyengine\bin\shaders\skybox_preview_ps.cso
c:\users\olle.karlsonreuterc\olle\spelprojekt\p8\kittyengine\bin\shaders\skybox_vs.cso
c:\users\olle.karlsonreuterc\olle\spelprojekt\p8\kittyengine\bin\shaders\sprite_ps.cso
c:\users\olle.karlsonreuterc\olle\spelprojekt\p8\kittyengine\bin\shaders\sprite_vs.cso
c:\users\olle.karlsonreuterc\olle\spelprojekt\p8\kittyengine\bin\shaders\trap_preview_vfx_ps.cso
c:\users\olle.karlsonreuterc\olle\spelprojekt\p8\kittyengine\bin\shaders\water_ps.cso
c:\users\olle.karlsonreuterc\olle\spelprojekt\p8\kittyengine\bin\shaders\water_vs.cso
c:\users\olle.karlsonreuterc\olle\spelprojekt\p8\kittyengine\bin\shaders\bloompreprocess_vfx_ps.cso
c:\users\olle.karlsonreuterc\olle\spelprojekt\p8\kittyengine\bin\shaders\downsample_vfx_ps.cso
c:\users\olle.karlsonreuterc\olle\spelprojekt\p8\kittyengine\bin\shaders\fullscreenasset_vfx_ps.cso
c:\users\olle.karlsonreuterc\olle\spelprojekt\p8\kittyengine\bin\shaders\fullscreenasset_vfx_vs.cso
c:\users\olle.karlsonreuterc\olle\spelprojekt\p8\kittyengine\bin\shaders\gaussian_vfx_ps.cso
c:\users\olle.karlsonreuterc\olle\spelprojekt\p8\kittyengine\bin\shaders\particle_ps.cso
c:\users\olle.karlsonreuterc\olle\spelprojekt\p8\kittyengine\bin\shaders\postprocessing_vfx_ps.cso
c:\users\olle.karlsonreuterc\olle\spelprojekt\p8\kittyengine\bin\shaders\postprocessing_vfx_vs.cso
c:\users\olle.karlsonreuterc\olle\spelprojekt\p8\kittyengine\bin\shaders\updownsample_vfx_vs.cso
c:\users\olle.karlsonreuterc\olle\spelprojekt\p8\kittyengine\bin\shaders\upsample_vfx_ps.cso
c:\users\olle.karlsonreuterc\olle\spelprojekt\p8\kittyengine\temp\intermediatelib\kittyengine_ship - purebreed.lib
c:\users\olle.karlsonreuterc\olle\spelprojekt\p8\kittyengine\temp\engine\ship - purebreed\engine.tlog\cl.command.1.tlog
c:\users\olle.karlsonreuterc\olle\spelprojekt\p8\kittyengine\temp\engine\ship - purebreed\engine.tlog\cl.items.tlog
c:\users\olle.karlsonreuterc\olle\spelprojekt\p8\kittyengine\temp\engine\ship - purebreed\engine.tlog\cl.read.1.tlog
c:\users\olle.karlsonreuterc\olle\spelprojekt\p8\kittyengine\temp\engine\ship - purebreed\engine.tlog\cl.write.1.tlog
c:\users\olle.karlsonreuterc\olle\spelprojekt\p8\kittyengine\temp\engine\ship - purebreed\engine.tlog\fxc.command.1.tlog
c:\users\olle.karlsonreuterc\olle\spelprojekt\p8\kittyengine\temp\engine\ship - purebreed\engine.tlog\fxc.read.1.tlog
c:\users\olle.karlsonreuterc\olle\spelprojekt\p8\kittyengine\temp\engine\ship - purebreed\engine.tlog\fxc.write.1.tlog
c:\users\olle.karlsonreuterc\olle\spelprojekt\p8\kittyengine\temp\engine\ship - purebreed\engine.tlog\lib-link.read.1.tlog
c:\users\olle.karlsonreuterc\olle\spelprojekt\p8\kittyengine\temp\engine\ship - purebreed\engine.tlog\lib-link.write.1.tlog
c:\users\olle.karlsonreuterc\olle\spelprojekt\p8\kittyengine\temp\engine\ship - purebreed\engine.tlog\lib.command.1.tlog
