c:\users\olle.karlsonreuterc\olle\spelprojekt\p8\kittyengine\temp\engine\debug - moggie\buildmanager.obj
c:\users\olle.karlsonreuterc\olle\spelprojekt\p8\kittyengine\temp\engine\debug - moggie\levelimporter.obj
c:\users\olle.karlsonreuterc\olle\spelprojekt\p8\kittyengine\temp\engine\debug - moggie\shelltexturingcomponent.obj
c:\users\olle.karlsonreuterc\olle\spelprojekt\p8\kittyengine\temp\engine\debug - moggie\renderlayer.obj
c:\users\olle.karlsonreuterc\olle\spelprojekt\p8\kittyengine\temp\engine\debug - moggie\ssao.obj
c:\users\olle.karlsonreuterc\olle\spelprojekt\p8\kittyengine\temp\engine\debug - moggie\codescriptparser.obj
c:\users\olle.karlsonreuterc\olle\spelprojekt\p8\kittyengine\temp\engine\debug - moggie\modelcomponent.obj
c:\users\olle.karlsonreuterc\olle\spelprojekt\p8\kittyengine\temp\engine\debug - moggie\graphics.obj
c:\users\olle.karlsonreuterc\olle\spelprojekt\p8\kittyengine\temp\engine\debug - moggie\scriptexecution.obj
c:\users\olle.karlsonreuterc\olle\spelprojekt\p8\kittyengine\temp\engine\debug - moggie\raycasthandler.obj
c:\users\olle.karlsonreuterc\olle\spelprojekt\p8\kittyengine\temp\engine\debug - moggie\guifile.obj
c:\users\olle.karlsonreuterc\olle\spelprojekt\p8\kittyengine\temp\engine\debug - moggie\userinput.obj
c:\users\olle.karlsonreuterc\olle\spelprojekt\p8\kittyengine\temp\engine\debug - moggie\navmeshbuilder.obj
c:\users\olle.karlsonreuterc\olle\spelprojekt\p8\kittyengine\temp\engine\debug - moggie\scriptmanager.obj
c:\users\olle.karlsonreuterc\olle\spelprojekt\p8\kittyengine\temp\engine\debug - moggie\lightcomponent.obj
c:\users\olle.karlsonreuterc\olle\spelprojekt\p8\kittyengine\temp\engine\debug - moggie\animationplayer.obj
c:\users\olle.karlsonreuterc\olle\spelprojekt\p8\kittyengine\temp\engine\debug - moggie\basicrenderer.obj
c:\users\olle.karlsonreuterc\olle\spelprojekt\p8\kittyengine\temp\engine\debug - moggie\spritemanager.obj
c:\users\olle.karlsonreuterc\olle\spelprojekt\p8\kittyengine\temp\engine\debug - moggie\codenode.obj
c:\users\olle.karlsonreuterc\olle\spelprojekt\p8\kittyengine\temp\engine\debug - moggie\pathfinder.obj
c:\users\olle.karlsonreuterc\olle\spelprojekt\p8\kittyengine\temp\engine\debug - moggie\vfx.obj
c:\users\olle.karlsonreuterc\olle\spelprojekt\p8\kittyengine\temp\engine\debug - moggie\nodedatabase.obj
c:\users\olle.karlsonreuterc\olle\spelprojekt\p8\kittyengine\temp\engine\debug - moggie\vfxcomponent.obj
c:\users\olle.karlsonreuterc\olle\spelprojekt\p8\kittyengine\temp\engine\debug - moggie\gameobjectmanager.obj
c:\users\olle.karlsonreuterc\olle\spelprojekt\p8\kittyengine\temp\engine\debug - moggie\shelltexturedrenderer.obj
c:\users\olle.karlsonreuterc\olle\spelprojekt\p8\kittyengine\temp\engine\debug - moggie\textureloader.obj
c:\users\olle.karlsonreuterc\olle\spelprojekt\p8\kittyengine\temp\engine\debug - moggie\guihandler.obj
c:\users\olle.karlsonreuterc\olle\spelprojekt\p8\kittyengine\temp\engine\debug - moggie\scenetransitioncomponent.obj
c:\users\olle.karlsonreuterc\olle\spelprojekt\p8\kittyengine\temp\engine\debug - moggie\decalmanager.obj
c:\users\olle.karlsonreuterc\olle\spelprojekt\p8\kittyengine\temp\engine\debug - moggie\particleemitter.obj
c:\users\olle.karlsonreuterc\olle\spelprojekt\p8\kittyengine\temp\engine\debug - moggie\inputhandler.obj
c:\users\olle.karlsonreuterc\olle\spelprojekt\p8\kittyengine\temp\engine\debug - moggie\guielement.obj
c:\users\olle.karlsonreuterc\olle\spelprojekt\p8\kittyengine\temp\engine\debug - moggie\guiscene.obj
c:\users\olle.karlsonreuterc\olle\spelprojekt\p8\kittyengine\temp\engine\debug - moggie\window.obj
c:\users\olle.karlsonreuterc\olle\spelprojekt\p8\kittyengine\temp\engine\debug - moggie\decalcomponent.obj
c:\users\olle.karlsonreuterc\olle\spelprojekt\p8\kittyengine\temp\engine\debug - moggie\assetloader.obj
c:\users\olle.karlsonreuterc\olle\spelprojekt\p8\kittyengine\temp\engine\debug - moggie\skeletalrenderer.obj
c:\users\olle.karlsonreuterc\olle\spelprojekt\p8\kittyengine\temp\engine\debug - moggie\prefabhandler.obj
c:\users\olle.karlsonreuterc\olle\spelprojekt\p8\kittyengine\temp\engine\debug - moggie\guitooltip.obj
c:\users\olle.karlsonreuterc\olle\spelprojekt\p8\kittyengine\temp\engine\debug - moggie\collisionhandler.obj
c:\users\olle.karlsonreuterc\olle\spelprojekt\p8\kittyengine\temp\engine\debug - moggie\fullscreenasset.obj
c:\users\olle.karlsonreuterc\olle\spelprojekt\p8\kittyengine\temp\engine\debug - moggie\instancedrenderer.obj
c:\users\olle.karlsonreuterc\olle\spelprojekt\p8\kittyengine\temp\engine\debug - moggie\text.obj
c:\users\olle.karlsonreuterc\olle\spelprojekt\p8\kittyengine\temp\engine\debug - moggie\skeletalmodelcomponent.obj
c:\users\olle.karlsonreuterc\olle\spelprojekt\p8\kittyengine\temp\engine\debug - moggie\debugrenderer.obj
c:\users\olle.karlsonreuterc\olle\spelprojekt\p8\kittyengine\temp\engine\debug - moggie\deferredlightmanager.obj
c:\users\olle.karlsonreuterc\olle\spelprojekt\p8\kittyengine\temp\engine\debug - moggie\splashscreen.obj
c:\users\olle.karlsonreuterc\olle\spelprojekt\p8\kittyengine\temp\engine\debug - moggie\scenemanager.obj
c:\users\olle.karlsonreuterc\olle\spelprojekt\p8\kittyengine\temp\engine\debug - moggie\physicscharactercontroller.obj
c:\users\olle.karlsonreuterc\olle\spelprojekt\p8\kittyengine\temp\engine\debug - moggie\decalrenderer.obj
c:\users\olle.karlsonreuterc\olle\spelprojekt\p8\kittyengine\temp\engine\debug - moggie\vfxrenderer.obj
c:\users\olle.karlsonreuterc\olle\spelprojekt\p8\kittyengine\temp\engine\debug - moggie\scene.obj
c:\users\olle.karlsonreuterc\olle\spelprojekt\p8\kittyengine\temp\engine\debug - moggie\navmesh.obj
c:\users\olle.karlsonreuterc\olle\spelprojekt\p8\kittyengine\temp\engine\debug - moggie\distancefog.obj
c:\users\olle.karlsonreuterc\olle\spelprojekt\p8\kittyengine\temp\engine\debug - moggie\postprocessing.obj
c:\users\olle.karlsonreuterc\olle\spelprojekt\p8\kittyengine\temp\engine\debug - moggie\inputwrapper.obj
c:\users\olle.karlsonreuterc\olle\spelprojekt\p8\kittyengine\temp\engine\debug - moggie\kittyengine_debug - moggie.pch
c:\users\olle.karlsonreuterc\olle\spelprojekt\p8\kittyengine\temp\intermediatelib\kittyengine_debug - moggie.pdb
c:\users\olle.karlsonreuterc\olle\spelprojekt\p8\kittyengine\temp\intermediatelib\kittyengine_debug - moggie.idb
c:\users\olle.karlsonreuterc\olle\spelprojekt\p8\kittyengine\temp\engine\debug - moggie\stdafx.obj
c:\users\olle.karlsonreuterc\olle\spelprojekt\p8\kittyengine\temp\engine\debug - moggie\xaudio2helpers.obj
c:\users\olle.karlsonreuterc\olle\spelprojekt\p8\kittyengine\temp\engine\debug - moggie\gameobject.obj
c:\users\olle.karlsonreuterc\olle\spelprojekt\p8\kittyengine\temp\engine\debug - moggie\lightmanager.obj
c:\users\olle.karlsonreuterc\olle\spelprojekt\p8\kittyengine\temp\engine\debug - moggie\shaderloader.obj
c:\users\olle.karlsonreuterc\olle\spelprojekt\p8\kittyengine\temp\engine\debug - moggie\node.obj
c:\users\olle.karlsonreuterc\olle\spelprojekt\p8\kittyengine\temp\engine\debug - moggie\testcomponent.obj
c:\users\olle.karlsonreuterc\olle\spelprojekt\p8\kittyengine\temp\engine\debug - moggie\kittymesh.obj
c:\users\olle.karlsonreuterc\olle\spelprojekt\p8\kittyengine\temp\engine\debug - moggie\debugline.obj
c:\users\olle.karlsonreuterc\olle\spelprojekt\p8\kittyengine\temp\engine\debug - moggie\audioinstance.obj
c:\users\olle.karlsonreuterc\olle\spelprojekt\p8\kittyengine\temp\engine\debug - moggie\boxcollidercomponent.obj
c:\users\olle.karlsonreuterc\olle\spelprojekt\p8\kittyengine\temp\engine\debug - moggie\hlsldefiner.obj
c:\users\olle.karlsonreuterc\olle\spelprojekt\p8\kittyengine\temp\engine\debug - moggie\navgrid.obj
c:\users\olle.karlsonreuterc\olle\spelprojekt\p8\kittyengine\temp\engine\debug - moggie\attachcomponent.obj
c:\users\olle.karlsonreuterc\olle\spelprojekt\p8\kittyengine\temp\engine\debug - moggie\capsulecollidercomponent.obj
c:\users\olle.karlsonreuterc\olle\spelprojekt\p8\kittyengine\temp\engine\debug - moggie\globalaudio.obj
c:\users\olle.karlsonreuterc\olle\spelprojekt\p8\kittyengine\temp\engine\debug - moggie\component.obj
c:\users\olle.karlsonreuterc\olle\spelprojekt\p8\kittyengine\temp\engine\debug - moggie\cameracomponent.obj
c:\users\olle.karlsonreuterc\olle\spelprojekt\p8\kittyengine\temp\engine\debug - moggie\postprocessingcomponent.obj
c:\users\olle.karlsonreuterc\olle\spelprojekt\p8\kittyengine\temp\engine\debug - moggie\modelloader.obj
c:\users\olle.karlsonreuterc\olle\spelprojekt\p8\kittyengine\temp\engine\debug - moggie\audioplayer.obj
c:\users\olle.karlsonreuterc\olle\spelprojekt\p8\kittyengine\temp\engine\debug - moggie\lemeowfile.obj
c:\users\olle.karlsonreuterc\olle\spelprojekt\p8\kittyengine\temp\engine\debug - moggie\languagedata.obj
c:\users\olle.karlsonreuterc\olle\spelprojekt\p8\kittyengine\temp\engine\debug - moggie\filewatcher.obj
c:\users\olle.karlsonreuterc\olle\spelprojekt\p8\kittyengine\temp\engine\debug - moggie\randomizer.obj
c:\users\olle.karlsonreuterc\olle\spelprojekt\p8\kittyengine\temp\engine\debug - moggie\stringutils.obj
c:\users\olle.karlsonreuterc\olle\spelprojekt\p8\kittyengine\temp\engine\debug - moggie\timer.obj
c:\users\olle.karlsonreuterc\olle\spelprojekt\p8\kittyengine\temp\engine\debug - moggie\audiowrapper.obj
c:\users\olle.karlsonreuterc\olle\spelprojekt\p8\kittyengine\temp\engine\debug - moggie\deferredrendertarget.obj
c:\users\olle.karlsonreuterc\olle\spelprojekt\p8\kittyengine\temp\engine\debug - moggie\depthbuffer.obj
c:\users\olle.karlsonreuterc\olle\spelprojekt\p8\kittyengine\temp\engine\debug - moggie\gbuffer.obj
c:\users\olle.karlsonreuterc\olle\spelprojekt\p8\kittyengine\temp\engine\debug - moggie\scriptcomponent.obj
c:\users\olle.karlsonreuterc\olle\spelprojekt\p8\kittyengine\temp\engine\debug - moggie\deferredpointlight.obj
c:\users\olle.karlsonreuterc\olle\spelprojekt\p8\kittyengine\temp\engine\debug - moggie\shader.obj
c:\users\olle.karlsonreuterc\olle\spelprojekt\p8\kittyengine\temp\engine\debug - moggie\gamepad.obj
c:\users\olle.karlsonreuterc\olle\spelprojekt\p8\kittyengine\temp\engine\debug - moggie\reflection.obj
c:\users\olle.karlsonreuterc\olle\spelprojekt\p8\kittyengine\temp\engine\debug - moggie\behaviourtree.obj
c:\users\olle.karlsonreuterc\olle\spelprojekt\p8\kittyengine\temp\engine\debug - moggie\cbuffer.obj
c:\users\olle.karlsonreuterc\olle\spelprojekt\p8\kittyengine\temp\engine\debug - moggie\cameramanager.obj
c:\users\olle.karlsonreuterc\olle\spelprojekt\p8\kittyengine\temp\engine\debug - moggie\skybox.obj
c:\users\olle.karlsonreuterc\olle\spelprojekt\p8\kittyengine\temp\engine\debug - moggie\texture.obj
c:\users\olle.karlsonreuterc\olle\spelprojekt\p8\kittyengine\temp\engine\debug - moggie\guibox.obj
c:\users\olle.karlsonreuterc\olle\spelprojekt\p8\kittyengine\temp\engine\debug - moggie\minimap.obj
c:\users\olle.karlsonreuterc\olle\spelprojekt\p8\kittyengine\temp\engine\debug - moggie\binaryio.obj
c:\users\olle.karlsonreuterc\olle\spelprojekt\p8\kittyengine\temp\engine\debug - moggie\debugtimelogger.obj
c:\users\olle.karlsonreuterc\olle\spelprojekt\p8\kittyengine\temp\engine\debug - moggie\behaviourtreebuilder.obj
c:\users\olle.karlsonreuterc\olle\spelprojekt\p8\kittyengine\temp\engine\debug - moggie\pawfile.obj
c:\users\olle.karlsonreuterc\olle\spelprojekt\p8\kittyengine\temp\engine\debug - moggie\collider.obj
c:\users\olle.karlsonreuterc\olle\spelprojekt\p8\kittyengine\temp\engine\debug - moggie\spherecollidercomponent.obj
c:\users\olle.karlsonreuterc\olle\spelprojekt\p8\kittyengine\temp\engine\debug - moggie\camera.obj
c:\users\olle.karlsonreuterc\olle\spelprojekt\p8\kittyengine\temp\engine\debug - moggie\capsuleprimitive.obj
c:\users\olle.karlsonreuterc\olle\spelprojekt\p8\kittyengine\temp\engine\debug - moggie\cubeprimitive.obj
c:\users\olle.karlsonreuterc\olle\spelprojekt\p8\kittyengine\temp\engine\debug - moggie\sphereprimitive.obj
c:\users\olle.karlsonreuterc\olle\spelprojekt\p8\kittyengine\temp\engine\debug - moggie\rendertarget.obj
c:\users\olle.karlsonreuterc\olle\spelprojekt\p8\kittyengine\temp\engine\debug - moggie\script.obj
c:\users\olle.karlsonreuterc\olle\spelprojekt\p8\kittyengine\bin\shaders\ssao_cs.cso
c:\users\olle.karlsonreuterc\olle\spelprojekt\p8\kittyengine\bin\shaders\debugline_behind_ps.cso
c:\users\olle.karlsonreuterc\olle\spelprojekt\p8\kittyengine\bin\shaders\debugline_ps.cso
c:\users\olle.karlsonreuterc\olle\spelprojekt\p8\kittyengine\bin\shaders\debugline_vs.cso
c:\users\olle.karlsonreuterc\olle\spelprojekt\p8\kittyengine\bin\shaders\fullscreendebugline_vs.cso
c:\users\olle.karlsonreuterc\olle\spelprojekt\p8\kittyengine\bin\shaders\outlinerenderer_ps.cso
c:\users\olle.karlsonreuterc\olle\spelprojekt\p8\kittyengine\bin\shaders\outlinerenderer_vs.cso
c:\users\olle.karlsonreuterc\olle\spelprojekt\p8\kittyengine\bin\shaders\bloompreprocess_ps.cso
c:\users\olle.karlsonreuterc\olle\spelprojekt\p8\kittyengine\bin\shaders\blurfullscreen_ps.cso
c:\users\olle.karlsonreuterc\olle\spelprojekt\p8\kittyengine\bin\shaders\downsample_ps.cso
c:\users\olle.karlsonreuterc\olle\spelprojekt\p8\kittyengine\bin\shaders\fullscreenasset_ps.cso
c:\users\olle.karlsonreuterc\olle\spelprojekt\p8\kittyengine\bin\shaders\fullscreenasset_vs.cso
c:\users\olle.karlsonreuterc\olle\spelprojekt\p8\kittyengine\bin\shaders\gaussian_ps.cso
c:\users\olle.karlsonreuterc\olle\spelprojekt\p8\kittyengine\bin\shaders\postprocessing_ps.cso
c:\users\olle.karlsonreuterc\olle\spelprojekt\p8\kittyengine\bin\shaders\postprocessing_vs.cso
c:\users\olle.karlsonreuterc\olle\spelprojekt\p8\kittyengine\bin\shaders\ssao_ps.cso
c:\users\olle.karlsonreuterc\olle\spelprojekt\p8\kittyengine\bin\shaders\ssao_vs.cso
c:\users\olle.karlsonreuterc\olle\spelprojekt\p8\kittyengine\bin\shaders\updownsample_vs.cso
c:\users\olle.karlsonreuterc\olle\spelprojekt\p8\kittyengine\bin\shaders\upsample_ps.cso
c:\users\olle.karlsonreuterc\olle\spelprojekt\p8\kittyengine\bin\shaders\deferreddirectionallight_ps.cso
c:\users\olle.karlsonreuterc\olle\spelprojekt\p8\kittyengine\bin\shaders\deferredlight_vs.cso
c:\users\olle.karlsonreuterc\olle\spelprojekt\p8\kittyengine\bin\shaders\deferredpointlight_ps.cso
c:\users\olle.karlsonreuterc\olle\spelprojekt\p8\kittyengine\bin\shaders\deferredspotlight_ps.cso
c:\users\olle.karlsonreuterc\olle\spelprojekt\p8\kittyengine\bin\shaders\model_deferred_instanced_vs.cso
c:\users\olle.karlsonreuterc\olle\spelprojekt\p8\kittyengine\bin\shaders\model_deferred_ps.cso
c:\users\olle.karlsonreuterc\olle\spelprojekt\p8\kittyengine\bin\shaders\model_deferred_skeletal_vs.cso
c:\users\olle.karlsonreuterc\olle\spelprojekt\p8\kittyengine\bin\shaders\model_deferred_vs.cso
c:\users\olle.karlsonreuterc\olle\spelprojekt\p8\kittyengine\bin\shaders\model_pbr_ps.cso
c:\users\olle.karlsonreuterc\olle\spelprojekt\p8\kittyengine\bin\shaders\model_pbr_vs.cso
c:\users\olle.karlsonreuterc\olle\spelprojekt\p8\kittyengine\bin\shaders\model_shadow_ps.cso
c:\users\olle.karlsonreuterc\olle\spelprojekt\p8\kittyengine\bin\shaders\model_tooltip_ps.cso
c:\users\olle.karlsonreuterc\olle\spelprojekt\p8\kittyengine\bin\shaders\model_tooltip_vs.cso
c:\users\olle.karlsonreuterc\olle\spelprojekt\p8\kittyengine\bin\shaders\model_vfx_ps.cso
c:\users\olle.karlsonreuterc\olle\spelprojekt\p8\kittyengine\bin\shaders\model_vfx_vs.cso
c:\users\olle.karlsonreuterc\olle\spelprojekt\p8\kittyengine\bin\shaders\model_whiteout_ps.cso
c:\users\olle.karlsonreuterc\olle\spelprojekt\p8\kittyengine\bin\shaders\cubemapprojection_ps.cso
c:\users\olle.karlsonreuterc\olle\spelprojekt\p8\kittyengine\bin\shaders\decal_deferred_ps.cso
c:\users\olle.karlsonreuterc\olle\spelprojekt\p8\kittyengine\bin\shaders\decal_deferred_vs.cso
c:\users\olle.karlsonreuterc\olle\spelprojekt\p8\kittyengine\bin\shaders\displacement_ps.cso
c:\users\olle.karlsonreuterc\olle\spelprojekt\p8\kittyengine\bin\shaders\distancefog_ps.cso
c:\users\olle.karlsonreuterc\olle\spelprojekt\p8\kittyengine\bin\shaders\modelviewer_ground_ps.cso
c:\users\olle.karlsonreuterc\olle\spelprojekt\p8\kittyengine\bin\shaders\renderlayercompositor_ps.cso
c:\users\olle.karlsonreuterc\olle\spelprojekt\p8\kittyengine\bin\shaders\shelltexturing_ps.cso
c:\users\olle.karlsonreuterc\olle\spelprojekt\p8\kittyengine\bin\shaders\shelltexturing_vs.cso
c:\users\olle.karlsonreuterc\olle\spelprojekt\p8\kittyengine\bin\shaders\skybox_ps.cso
c:\users\olle.karlsonreuterc\olle\spelprojekt\p8\kittyengine\bin\shaders\skybox_preview_ps.cso
c:\users\olle.karlsonreuterc\olle\spelprojekt\p8\kittyengine\bin\shaders\skybox_vs.cso
c:\users\olle.karlsonreuterc\olle\spelprojekt\p8\kittyengine\bin\shaders\sprite_ps.cso
c:\users\olle.karlsonreuterc\olle\spelprojekt\p8\kittyengine\bin\shaders\sprite_vs.cso
c:\users\olle.karlsonreuterc\olle\spelprojekt\p8\kittyengine\bin\shaders\trap_preview_vfx_ps.cso
c:\users\olle.karlsonreuterc\olle\spelprojekt\p8\kittyengine\bin\shaders\water_ps.cso
c:\users\olle.karlsonreuterc\olle\spelprojekt\p8\kittyengine\bin\shaders\water_vs.cso
c:\users\olle.karlsonreuterc\olle\spelprojekt\p8\kittyengine\bin\shaders\bloompreprocess_vfx_ps.cso
c:\users\olle.karlsonreuterc\olle\spelprojekt\p8\kittyengine\bin\shaders\downsample_vfx_ps.cso
c:\users\olle.karlsonreuterc\olle\spelprojekt\p8\kittyengine\bin\shaders\fullscreenasset_vfx_ps.cso
c:\users\olle.karlsonreuterc\olle\spelprojekt\p8\kittyengine\bin\shaders\fullscreenasset_vfx_vs.cso
c:\users\olle.karlsonreuterc\olle\spelprojekt\p8\kittyengine\bin\shaders\gaussian_vfx_ps.cso
c:\users\olle.karlsonreuterc\olle\spelprojekt\p8\kittyengine\bin\shaders\particle_ps.cso
c:\users\olle.karlsonreuterc\olle\spelprojekt\p8\kittyengine\bin\shaders\postprocessing_vfx_ps.cso
c:\users\olle.karlsonreuterc\olle\spelprojekt\p8\kittyengine\bin\shaders\postprocessing_vfx_vs.cso
c:\users\olle.karlsonreuterc\olle\spelprojekt\p8\kittyengine\bin\shaders\updownsample_vfx_vs.cso
c:\users\olle.karlsonreuterc\olle\spelprojekt\p8\kittyengine\bin\shaders\upsample_vfx_ps.cso
c:\users\olle.karlsonreuterc\olle\spelprojekt\p8\kittyengine\bin\shaders\displacementfade_ps.cso
c:\users\olle.karlsonreuterc\olle\spelprojekt\p8\kittyengine\bin\shaders\sdfrendering_ps.cso
c:\users\olle.karlsonreuterc\olle\spelprojekt\p8\kittyengine\temp\intermediatelib\kittyengine_debug - moggie.lib
c:\users\olle.karlsonreuterc\olle\spelprojekt\p8\kittyengine\temp\engine\debug - moggie\engine.tlog\cl.command.1.tlog
c:\users\olle.karlsonreuterc\olle\spelprojekt\p8\kittyengine\temp\engine\debug - moggie\engine.tlog\cl.items.tlog
c:\users\olle.karlsonreuterc\olle\spelprojekt\p8\kittyengine\temp\engine\debug - moggie\engine.tlog\cl.read.1.tlog
c:\users\olle.karlsonreuterc\olle\spelprojekt\p8\kittyengine\temp\engine\debug - moggie\engine.tlog\cl.write.1.tlog
c:\users\olle.karlsonreuterc\olle\spelprojekt\p8\kittyengine\temp\engine\debug - moggie\engine.tlog\fxc.command.1.tlog
c:\users\olle.karlsonreuterc\olle\spelprojekt\p8\kittyengine\temp\engine\debug - moggie\engine.tlog\fxc.read.1.tlog
c:\users\olle.karlsonreuterc\olle\spelprojekt\p8\kittyengine\temp\engine\debug - moggie\engine.tlog\fxc.write.1.tlog
c:\users\olle.karlsonreuterc\olle\spelprojekt\p8\kittyengine\temp\engine\debug - moggie\engine.tlog\lib-link.read.1.tlog
c:\users\olle.karlsonreuterc\olle\spelprojekt\p8\kittyengine\temp\engine\debug - moggie\engine.tlog\lib-link.write.1.tlog
c:\users\olle.karlsonreuterc\olle\spelprojekt\p8\kittyengine\temp\engine\debug - moggie\engine.tlog\lib.command.1.tlog
